Using pre-set license
Built from '2022.3/staging' branch; Version is '2022.3.36f1 (95a4219250e5) revision 9806881'; Using compiler version '192829333'; Build Type 'Release'
OS: 'Windows 11  (10.0.22631) 64bit CoreSingleLanguage' Language: 'pt' Physical Memory: 7877 MB
BatchMode: 1, IsHumanControllingUs: 0, StartBugReporterOnCrash: 0, Is64bit: 1, IsPro: 1

COMMAND LINE ARGUMENTS:
C:\Program Files\Unity\Hub\Editor\2022.3.36f1\Editor\Unity.exe
-adb2
-batchMode
-noUpm
-name
AssetImportWorker0
-projectPath
C:/Users/olive/Downloads/jogoPA (7) - Copia (1)/jogoPA (7) - Copia/jogoPA (7) - Copia/jogoPA (7)j
-logFile
Logs/AssetImportWorker0.log
-srvPort
50626
Successfully changed project path to: C:/Users/olive/Downloads/jogoPA (7) - Copia (1)/jogoPA (7) - Copia/jogoPA (7) - Copia/jogoPA (7)j
C:/Users/olive/Downloads/jogoPA (7) - Copia (1)/jogoPA (7) - Copia/jogoPA (7) - Copia/jogoPA (7)j
[UnityMemory] Configuration Parameters - Can be set up in boot.config
    "memorysetup-bucket-allocator-granularity=16"
    "memorysetup-bucket-allocator-bucket-count=8"
    "memorysetup-bucket-allocator-block-size=33554432"
    "memorysetup-bucket-allocator-block-count=8"
    "memorysetup-main-allocator-block-size=16777216"
    "memorysetup-thread-allocator-block-size=16777216"
    "memorysetup-gfx-main-allocator-block-size=16777216"
    "memorysetup-gfx-thread-allocator-block-size=16777216"
    "memorysetup-cache-allocator-block-size=4194304"
    "memorysetup-typetree-allocator-block-size=2097152"
    "memorysetup-profiler-bucket-allocator-granularity=16"
    "memorysetup-profiler-bucket-allocator-bucket-count=8"
    "memorysetup-profiler-bucket-allocator-block-size=33554432"
    "memorysetup-profiler-bucket-allocator-block-count=8"
    "memorysetup-profiler-allocator-block-size=16777216"
    "memorysetup-profiler-editor-allocator-block-size=1048576"
    "memorysetup-temp-allocator-size-main=16777216"
    "memorysetup-job-temp-allocator-block-size=2097152"
    "memorysetup-job-temp-allocator-block-size-background=1048576"
    "memorysetup-job-temp-allocator-reduction-small-platforms=262144"
    "memorysetup-allocator-temp-initial-block-size-main=262144"
    "memorysetup-allocator-temp-initial-block-size-worker=262144"
    "memorysetup-temp-allocator-size-background-worker=32768"
    "memorysetup-temp-allocator-size-job-worker=262144"
    "memorysetup-temp-allocator-size-preload-manager=33554432"
    "memorysetup-temp-allocator-size-nav-mesh-worker=65536"
    "memorysetup-temp-allocator-size-audio-worker=65536"
    "memorysetup-temp-allocator-size-cloud-worker=32768"
    "memorysetup-temp-allocator-size-gi-baking-worker=262144"
    "memorysetup-temp-allocator-size-gfx=262144"
Player connection [2128] Host "[IP] 192.168.1.15 [Port] 0 [Flags] 2 [Guid] 546543554 [EditorId] 546543554 [Version] 1048832 [Id] WindowsEditor(7,Esther) [Debug] 1 [PackageName] WindowsEditor [ProjectName] Editor" joined multi-casting on [225.0.0.222:54997]...

Player connection [2128] Host "[IP] 192.168.1.15 [Port] 0 [Flags] 2 [Guid] 546543554 [EditorId] 546543554 [Version] 1048832 [Id] WindowsEditor(7,Esther) [Debug] 1 [PackageName] WindowsEditor [ProjectName] Editor" joined alternative multi-casting on [225.0.0.222:34997]...

[PhysX] Initialized MultithreadedTaskDispatcher with 12 workers.
Refreshing native plugins compatible for Editor in 5657.70 ms, found 3 plugins.
Preloading 0 native plugins for Editor in 0.00 ms.
Initialize engine version: 2022.3.36f1 (95a4219250e5)
[Subsystems] Discovering subsystems at path C:/Program Files/Unity/Hub/Editor/2022.3.36f1/Editor/Data/Resources/UnitySubsystems
[Subsystems] Discovering subsystems at path C:/Users/olive/Downloads/jogoPA (7) - Copia (1)/jogoPA (7) - Copia/jogoPA (7) - Copia/jogoPA (7)j/Assets
GfxDevice: creating device client; threaded=0; jobified=0
Direct3D:
    Version:  Direct3D 11.0 [level 11.1]
    Renderer: Intel(R) Iris(R) Xe Graphics (ID=0x46a8)
    Vendor:   Intel
    VRAM:     3938 MB
    Driver:   31.0.101.4255
Initialize mono
Mono path[0] = 'C:/Program Files/Unity/Hub/Editor/2022.3.36f1/Editor/Data/Managed'
Mono path[1] = 'C:/Program Files/Unity/Hub/Editor/2022.3.36f1/Editor/Data/MonoBleedingEdge/lib/mono/unityjit-win32'
Mono config path = 'C:/Program Files/Unity/Hub/Editor/2022.3.36f1/Editor/Data/MonoBleedingEdge/etc'
Using monoOptions --debugger-agent=transport=dt_socket,embedding=1,server=y,suspend=n,address=127.0.0.1:56516
Begin MonoManager ReloadAssembly
Registering precompiled unity dll's ...
Register platform support module: C:/Program Files/Unity/Hub/Editor/2022.3.36f1/Editor/Data/PlaybackEngines/WindowsStandaloneSupport/UnityEditor.WindowsStandalone.Extensions.dll
Registered in 0.022009 seconds.
- Loaded All Assemblies, in  1.033 seconds
Native extension for WindowsStandalone target not found
Mono: successfully reloaded assembly
- Finished resetting the current domain, in  0.707 seconds
Domain Reload Profiling: 1735ms
	BeginReloadAssembly (365ms)
		ExecutionOrderSort (0ms)
		DisableScriptedObjects (0ms)
		BackupInstance (0ms)
		ReleaseScriptingObjects (0ms)
		CreateAndSetChildDomain (4ms)
	RebuildCommonClasses (91ms)
	RebuildNativeTypeToScriptingClass (30ms)
	initialDomainReloadingComplete (160ms)
	LoadAllAssembliesAndSetupDomain (382ms)
		LoadAssemblies (356ms)
		RebuildTransferFunctionScriptingTraits (0ms)
		AnalyzeDomain (376ms)
			TypeCache.Refresh (372ms)
				TypeCache.ScanAssembly (336ms)
			ScanForSourceGeneratedMonoScriptInfo (1ms)
			ResolveRequiredComponents (1ms)
	FinalizeReload (708ms)
		ReleaseScriptCaches (0ms)
		RebuildScriptCaches (0ms)
		SetupLoadedEditorAssemblies (559ms)
			LogAssemblyErrors (0ms)
			InitializePlatformSupportModulesInManaged (25ms)
			SetLoadedEditorAssemblies (22ms)
			RefreshPlugins (0ms)
			BeforeProcessingInitializeOnLoad (8ms)
			ProcessInitializeOnLoadAttributes (387ms)
			ProcessInitializeOnLoadMethodAttributes (118ms)
			AfterProcessingInitializeOnLoad (0ms)
			EditorAssembliesLoaded (1ms)
		ExecutionOrderSort2 (0ms)
		AwakeInstancesAfterBackupRestoration (0ms)
========================================================================
Worker process is ready to serve import requests
Begin MonoManager ReloadAssembly
- Loaded All Assemblies, in  2.385 seconds
Refreshing native plugins compatible for Editor in 15.73 ms, found 3 plugins.
Native extension for WindowsStandalone target not found
Package Manager log level set to [2]
[Package Manager] Server::EnsureServerProcessIsRunning -- launch failed, reason: Unity was launched with the -noUpm command-line argument
[Package Manager] UpmClient::Send -- Unable to send message (not connected to UPM process).
[Package Manager] Cannot connect to Unity Package Manager local server
Mono: successfully reloaded assembly
- Finished resetting the current domain, in  1.561 seconds
Domain Reload Profiling: 3937ms
	BeginReloadAssembly (330ms)
		ExecutionOrderSort (0ms)
		DisableScriptedObjects (12ms)
		BackupInstance (0ms)
		ReleaseScriptingObjects (0ms)
		CreateAndSetChildDomain (38ms)
	RebuildCommonClasses (76ms)
	RebuildNativeTypeToScriptingClass (32ms)
	initialDomainReloadingComplete (117ms)
	LoadAllAssembliesAndSetupDomain (1820ms)
		LoadAssemblies (1565ms)
		RebuildTransferFunctionScriptingTraits (0ms)
		AnalyzeDomain (456ms)
			TypeCache.Refresh (408ms)
				TypeCache.ScanAssembly (370ms)
			ScanForSourceGeneratedMonoScriptInfo (34ms)
			ResolveRequiredComponents (11ms)
	FinalizeReload (1562ms)
		ReleaseScriptCaches (0ms)
		RebuildScriptCaches (0ms)
		SetupLoadedEditorAssemblies (1108ms)
			LogAssemblyErrors (0ms)
			InitializePlatformSupportModulesInManaged (17ms)
			SetLoadedEditorAssemblies (9ms)
			RefreshPlugins (0ms)
			BeforeProcessingInitializeOnLoad (151ms)
			ProcessInitializeOnLoadAttributes (868ms)
			ProcessInitializeOnLoadMethodAttributes (49ms)
			AfterProcessingInitializeOnLoad (15ms)
			EditorAssembliesLoaded (0ms)
		ExecutionOrderSort2 (0ms)
		AwakeInstancesAfterBackupRestoration (17ms)
Launched and connected shader compiler UnityShaderCompiler.exe after 0.14 seconds
Refreshing native plugins compatible for Editor in 9.62 ms, found 3 plugins.
Preloading 0 native plugins for Editor in 0.00 ms.
Unloading 3127 Unused Serialized files (Serialized files now loaded: 0)
Unloading 33 unused Assets / (57.7 KB). Loaded Objects now: 3587.
Memory consumption went from 128.3 MB to 128.3 MB.
Total: 6.766300 ms (FindLiveObjects: 0.493600 ms CreateObjectMapping: 0.274000 ms MarkObjects: 5.766300 ms  DeleteObjects: 0.230100 ms)

AssetImportParameters requested are different than current active one (requested -> active):
  custom:container-demuxer-ogg: 62fdf1f143b41e24485cea50d1cbac27 -> 
  custom:video-decoder-ogg-theora: a1e56fd34408186e4bbccfd4996cb3dc -> 
  custom:framework-win-MediaFoundation: 216162199b28c13a410421893ffa2e32 -> 
  custom:CustomObjectIndexerAttribute: 9a22284fe3817be447336de3de66b15e -> 
  custom:container-demuxer-webm: 4f35f7cbe854078d1ac9338744f61a02 -> 
  custom:container-muxer-webm: aa71ff27fc2769a1b78a27578f13a17b -> 
  custom:video-decoder-webm-vp8: 9c59270c3fd7afecdb556c50c9e8de78 -> 
  custom:SearchIndexIgnoredProperties: e643bd26f0fe6173181afceb89e7c659 -> 
  custom:AudioImporter_EditorPlatform: d09bf68614088b80899f8185d706f6e7 -> 
  custom:video-encoder-webm-vp8: eb34c28f22e8b96e1ab97ce403110664 -> 
  custom:audio-decoder-ogg-vorbis: bf7c407c2cedff20999df2af8eb42d56 -> 
  custom:audio-encoder-webm-vorbis: bf7c407c2cedff20999df2af8eb42d56 -> 
========================================================================
Received Import Request.
  Time since last request: 86983.590484 seconds.
  path: Assets/blob-removebg-preview.png
  artifactKey: Guid(65f5cebe3bbb4bd4e93dc4f69160ec08) Importer(815301076,1909f56bfc062723c751e8b465ee728b)
Start importing Assets/blob-removebg-preview.png using Guid(65f5cebe3bbb4bd4e93dc4f69160ec08) Importer(815301076,1909f56bfc062723c751e8b465ee728b) [PhysX] Initialized MultithreadedTaskDispatcher with 12 workers.
[PhysX] Initialized MultithreadedTaskDispatcher with 12 workers.
 -> (artifact id: 'd8b2ec2692d41cb870484babfea754d0') in 0.158999 seconds
Number of updated asset objects reloaded before import = 0
Number of asset objects unloaded after import = 2
========================================================================
Received Import Request.
  Time since last request: 0.000066 seconds.
  path: Assets/New Material.mat
  artifactKey: Guid(0c31a1329452090408017d640329d0a5) Importer(815301076,1909f56bfc062723c751e8b465ee728b)
Start importing Assets/New Material.mat using Guid(0c31a1329452090408017d640329d0a5) Importer(815301076,1909f56bfc062723c751e8b465ee728b) [PhysX] Initialized MultithreadedTaskDispatcher with 12 workers.
[PhysX] Initialized MultithreadedTaskDispatcher with 12 workers.
 -> (artifact id: '04bec2e56596428f96c1577e1d5ce76c') in 0.539224 seconds
Number of updated asset objects reloaded before import = 0
Number of asset objects unloaded after import = 1
========================================================================
Received Prepare
Begin MonoManager ReloadAssembly
- Loaded All Assemblies, in  0.494 seconds
Refreshing native plugins compatible for Editor in 5.30 ms, found 3 plugins.
Native extension for WindowsStandalone target not found
[Package Manager] Server::EnsureServerProcessIsRunning -- launch failed, reason: Unity was launched with the -noUpm command-line argument
[Package Manager] UpmClient::Send -- Unable to send message (not connected to UPM process).
[Package Manager] Cannot connect to Unity Package Manager local server
Mono: successfully reloaded assembly
- Finished resetting the current domain, in  2.725 seconds
Domain Reload Profiling: 3218ms
	BeginReloadAssembly (158ms)
		ExecutionOrderSort (0ms)
		DisableScriptedObjects (5ms)
		BackupInstance (0ms)
		ReleaseScriptingObjects (0ms)
		CreateAndSetChildDomain (34ms)
	RebuildCommonClasses (33ms)
	RebuildNativeTypeToScriptingClass (10ms)
	initialDomainReloadingComplete (29ms)
	LoadAllAssembliesAndSetupDomain (262ms)
		LoadAssemblies (335ms)
		RebuildTransferFunctionScriptingTraits (0ms)
		AnalyzeDomain (16ms)
			TypeCache.Refresh (8ms)
				TypeCache.ScanAssembly (0ms)
			ScanForSourceGeneratedMonoScriptInfo (0ms)
			ResolveRequiredComponents (6ms)
	FinalizeReload (2726ms)
		ReleaseScriptCaches (0ms)
		RebuildScriptCaches (0ms)
		SetupLoadedEditorAssemblies (865ms)
			LogAssemblyErrors (0ms)
			InitializePlatformSupportModulesInManaged (12ms)
			SetLoadedEditorAssemblies (7ms)
			RefreshPlugins (0ms)
			BeforeProcessingInitializeOnLoad (123ms)
			ProcessInitializeOnLoadAttributes (659ms)
			ProcessInitializeOnLoadMethodAttributes (50ms)
			AfterProcessingInitializeOnLoad (13ms)
			EditorAssembliesLoaded (0ms)
		ExecutionOrderSort2 (0ms)
		AwakeInstancesAfterBackupRestoration (15ms)
Refreshing native plugins compatible for Editor in 9.56 ms, found 3 plugins.
Preloading 0 native plugins for Editor in 0.00 ms.
Unloading 3106 Unused Serialized files (Serialized files now loaded: 0)
Unloading 24 unused Assets / (31.6 KB). Loaded Objects now: 3633.
Memory consumption went from 126.6 MB to 126.6 MB.
Total: 5.014800 ms (FindLiveObjects: 0.394300 ms CreateObjectMapping: 0.283400 ms MarkObjects: 4.242200 ms  DeleteObjects: 0.092300 ms)

Prepare: number of updated asset objects reloaded= 0
AssetImportParameters requested are different than current active one (requested -> active):
  custom:container-demuxer-ogg: 62fdf1f143b41e24485cea50d1cbac27 -> 
  custom:video-decoder-ogg-theora: a1e56fd34408186e4bbccfd4996cb3dc -> 
  custom:framework-win-MediaFoundation: 216162199b28c13a410421893ffa2e32 -> 
  custom:CustomObjectIndexerAttribute: 9a22284fe3817be447336de3de66b15e -> 
  custom:container-demuxer-webm: 4f35f7cbe854078d1ac9338744f61a02 -> 
  custom:container-muxer-webm: aa71ff27fc2769a1b78a27578f13a17b -> 
  custom:video-decoder-webm-vp8: 9c59270c3fd7afecdb556c50c9e8de78 -> 
  custom:SearchIndexIgnoredProperties: e643bd26f0fe6173181afceb89e7c659 -> 
  custom:AudioImporter_EditorPlatform: d09bf68614088b80899f8185d706f6e7 -> 
  custom:video-encoder-webm-vp8: eb34c28f22e8b96e1ab97ce403110664 -> 
  custom:audio-decoder-ogg-vorbis: bf7c407c2cedff20999df2af8eb42d56 -> 
  custom:audio-encoder-webm-vorbis: bf7c407c2cedff20999df2af8eb42d56 -> 
========================================================================
Received Prepare
Begin MonoManager ReloadAssembly
- Loaded All Assemblies, in  0.583 seconds
Refreshing native plugins compatible for Editor in 4.20 ms, found 3 plugins.
Native extension for WindowsStandalone target not found
[Package Manager] Server::EnsureServerProcessIsRunning -- launch failed, reason: Unity was launched with the -noUpm command-line argument
[Package Manager] UpmClient::Send -- Unable to send message (not connected to UPM process).
[Package Manager] Cannot connect to Unity Package Manager local server
Mono: successfully reloaded assembly
- Finished resetting the current domain, in  2.718 seconds
Domain Reload Profiling: 3299ms
	BeginReloadAssembly (154ms)
		ExecutionOrderSort (0ms)
		DisableScriptedObjects (3ms)
		BackupInstance (0ms)
		ReleaseScriptingObjects (0ms)
		CreateAndSetChildDomain (35ms)
	RebuildCommonClasses (30ms)
	RebuildNativeTypeToScriptingClass (14ms)
	initialDomainReloadingComplete (31ms)
	LoadAllAssembliesAndSetupDomain (352ms)
		LoadAssemblies (425ms)
		RebuildTransferFunctionScriptingTraits (0ms)
		AnalyzeDomain (13ms)
			TypeCache.Refresh (5ms)
				TypeCache.ScanAssembly (0ms)
			ScanForSourceGeneratedMonoScriptInfo (0ms)
			ResolveRequiredComponents (7ms)
	FinalizeReload (2719ms)
		ReleaseScriptCaches (0ms)
		RebuildScriptCaches (0ms)
		SetupLoadedEditorAssemblies (822ms)
			LogAssemblyErrors (0ms)
			InitializePlatformSupportModulesInManaged (15ms)
			SetLoadedEditorAssemblies (3ms)
			RefreshPlugins (0ms)
			BeforeProcessingInitializeOnLoad (115ms)
			ProcessInitializeOnLoadAttributes (624ms)
			ProcessInitializeOnLoadMethodAttributes (52ms)
			AfterProcessingInitializeOnLoad (12ms)
			EditorAssembliesLoaded (0ms)
		ExecutionOrderSort2 (0ms)
		AwakeInstancesAfterBackupRestoration (16ms)
Refreshing native plugins compatible for Editor in 10.43 ms, found 3 plugins.
Preloading 0 native plugins for Editor in 0.00 ms.
Unloading 3107 Unused Serialized files (Serialized files now loaded: 0)
Unloading 24 unused Assets / (31.8 KB). Loaded Objects now: 3636.
Memory consumption went from 126.9 MB to 126.8 MB.
Total: 7.253400 ms (FindLiveObjects: 0.479700 ms CreateObjectMapping: 0.326300 ms MarkObjects: 6.316600 ms  DeleteObjects: 0.088100 ms)

Prepare: number of updated asset objects reloaded= 0
AssetImportParameters requested are different than current active one (requested -> active):
  custom:container-demuxer-ogg: 62fdf1f143b41e24485cea50d1cbac27 -> 
  custom:video-decoder-ogg-theora: a1e56fd34408186e4bbccfd4996cb3dc -> 
  custom:framework-win-MediaFoundation: 216162199b28c13a410421893ffa2e32 -> 
  custom:CustomObjectIndexerAttribute: 9a22284fe3817be447336de3de66b15e -> 
  custom:container-demuxer-webm: 4f35f7cbe854078d1ac9338744f61a02 -> 
  custom:container-muxer-webm: aa71ff27fc2769a1b78a27578f13a17b -> 
  custom:video-decoder-webm-vp8: 9c59270c3fd7afecdb556c50c9e8de78 -> 
  custom:SearchIndexIgnoredProperties: e643bd26f0fe6173181afceb89e7c659 -> 
  custom:AudioImporter_EditorPlatform: d09bf68614088b80899f8185d706f6e7 -> 
  custom:video-encoder-webm-vp8: eb34c28f22e8b96e1ab97ce403110664 -> 
  custom:audio-decoder-ogg-vorbis: bf7c407c2cedff20999df2af8eb42d56 -> 
  custom:audio-encoder-webm-vorbis: bf7c407c2cedff20999df2af8eb42d56 -> 
========================================================================
Received Import Request.
  Time since last request: 258.524446 seconds.
  path: Assets/Fonts/Background.mat
  artifactKey: Guid(c231a489ac80afe46985629f5ad46f4f) Importer(815301076,1909f56bfc062723c751e8b465ee728b)
Start importing Assets/Fonts/Background.mat using Guid(c231a489ac80afe46985629f5ad46f4f) Importer(815301076,1909f56bfc062723c751e8b465ee728b) [PhysX] Initialized MultithreadedTaskDispatcher with 12 workers.
[PhysX] Initialized MultithreadedTaskDispatcher with 12 workers.
 -> (artifact id: '6102fa3f6391dca4ae832a9681e0ca4d') in 0.278579 seconds
Number of updated asset objects reloaded before import = 0
Number of asset objects unloaded after import = 2
========================================================================
Received Import Request.
  Time since last request: 0.000250 seconds.
  path: Assets/Fonts/Ground.mat
  artifactKey: Guid(86937624cf8a06e4eb8ad96f309f2cc7) Importer(815301076,1909f56bfc062723c751e8b465ee728b)
Start importing Assets/Fonts/Ground.mat using Guid(86937624cf8a06e4eb8ad96f309f2cc7) Importer(815301076,1909f56bfc062723c751e8b465ee728b) [PhysX] Initialized MultithreadedTaskDispatcher with 12 workers.
[PhysX] Initialized MultithreadedTaskDispatcher with 12 workers.
 -> (artifact id: 'fa383cbc809fed6bd1191b7504602511') in 0.063042 seconds
Number of updated asset objects reloaded before import = 0
Number of asset objects unloaded after import = 2
========================================================================
Received Import Request.
  Time since last request: 209.377787 seconds.
  path: Assets/Fox/Pipes.prefab
  artifactKey: Guid(c1db09ac3ccffc742bbc907d839e8f3a) Importer(815301076,1909f56bfc062723c751e8b465ee728b)
Start importing Assets/Fox/Pipes.prefab using Guid(c1db09ac3ccffc742bbc907d839e8f3a) Importer(815301076,1909f56bfc062723c751e8b465ee728b) [PhysX] Initialized MultithreadedTaskDispatcher with 12 workers.
[PhysX] Initialized MultithreadedTaskDispatcher with 12 workers.
 -> (artifact id: '6f301b7fa00bc8ede546cae0d5ea7758') in 0.328047 seconds
Number of updated asset objects reloaded before import = 0
Number of asset objects unloaded after import = 18
========================================================================
Received Import Request.
  Time since last request: 2668.624134 seconds.
  path: Assets/ASSETS/Blur.png
  artifactKey: Guid(be25c415a750bfb4a96e02d5f1972efc) Importer(815301076,1909f56bfc062723c751e8b465ee728b)
Start importing Assets/ASSETS/Blur.png using Guid(be25c415a750bfb4a96e02d5f1972efc) Importer(815301076,1909f56bfc062723c751e8b465ee728b) [PhysX] Initialized MultithreadedTaskDispatcher with 12 workers.
[PhysX] Initialized MultithreadedTaskDispatcher with 12 workers.
 -> (artifact id: '6cd03a56dd1b0e09366e4cb96ea115ab') in 1.106578 seconds
Number of updated asset objects reloaded before import = 0
Number of asset objects unloaded after import = 3
========================================================================
Received Import Request.
  Time since last request: 920.202550 seconds.
  path: Assets/tex/abajur.png
  artifactKey: Guid(2c01406460acf8f4ebcecc789c88746c) Importer(815301076,1909f56bfc062723c751e8b465ee728b)
Start importing Assets/tex/abajur.png using Guid(2c01406460acf8f4ebcecc789c88746c) Importer(815301076,1909f56bfc062723c751e8b465ee728b) [PhysX] Initialized MultithreadedTaskDispatcher with 12 workers.
[PhysX] Initialized MultithreadedTaskDispatcher with 12 workers.
 -> (artifact id: '6460d6dcb9f6c89fc051c326500076f5') in 0.436740 seconds
Number of updated asset objects reloaded before import = 0
Number of asset objects unloaded after import = 3
========================================================================
Received Import Request.
  Time since last request: 0.000105 seconds.
  path: Assets/tex/baixados.png
  artifactKey: Guid(6115d949d1a1fee4d8a5b5678e542f21) Importer(815301076,1909f56bfc062723c751e8b465ee728b)
Start importing Assets/tex/baixados.png using Guid(6115d949d1a1fee4d8a5b5678e542f21) Importer(815301076,1909f56bfc062723c751e8b465ee728b) [PhysX] Initialized MultithreadedTaskDispatcher with 12 workers.
[PhysX] Initialized MultithreadedTaskDispatcher with 12 workers.
 -> (artifact id: '094f81cefee0b1a582d1886c949ead2c') in 0.049816 seconds
Number of updated asset objects reloaded before import = 0
Number of asset objects unloaded after import = 3
========================================================================
Received Import Request.
  Time since last request: 0.000103 seconds.
  path: Assets/tex/blob-removebg-preview.png
  artifactKey: Guid(dd8bdbf2acbe9f54eb8f11c777efa99c) Importer(815301076,1909f56bfc062723c751e8b465ee728b)
Start importing Assets/tex/blob-removebg-preview.png using Guid(dd8bdbf2acbe9f54eb8f11c777efa99c) Importer(815301076,1909f56bfc062723c751e8b465ee728b) [PhysX] Initialized MultithreadedTaskDispatcher with 12 workers.
[PhysX] Initialized MultithreadedTaskDispatcher with 12 workers.
 -> (artifact id: '0545947727f031bd4a87d4a064f570c3') in 0.060628 seconds
Number of updated asset objects reloaded before import = 0
Number of asset objects unloaded after import = 3
========================================================================
Received Import Request.
  Time since last request: 0.000225 seconds.
  path: Assets/tex/bolha.png
  artifactKey: Guid(cc0835a6cbe211145a1e570de10b8f82) Importer(815301076,1909f56bfc062723c751e8b465ee728b)
Start importing Assets/tex/bolha.png using Guid(cc0835a6cbe211145a1e570de10b8f82) Importer(815301076,1909f56bfc062723c751e8b465ee728b) [PhysX] Initialized MultithreadedTaskDispatcher with 12 workers.
[PhysX] Initialized MultithreadedTaskDispatcher with 12 workers.
 -> (artifact id: '6cbad30a61290d7fe19c599117361a7e') in 0.053722 seconds
Number of updated asset objects reloaded before import = 0
Number of asset objects unloaded after import = 2
========================================================================
Received Import Request.
  Time since last request: 0.000765 seconds.
  path: Assets/tex/fist.png
  artifactKey: Guid(189649fd3d1f6764cbcd3a20433ee16e) Importer(815301076,1909f56bfc062723c751e8b465ee728b)
Start importing Assets/tex/fist.png using Guid(189649fd3d1f6764cbcd3a20433ee16e) Importer(815301076,1909f56bfc062723c751e8b465ee728b) [PhysX] Initialized MultithreadedTaskDispatcher with 12 workers.
[PhysX] Initialized MultithreadedTaskDispatcher with 12 workers.
 -> (artifact id: 'd1a7be92d0d2237d6f8533da0361f50b') in 0.041307 seconds
Number of updated asset objects reloaded before import = 0
Number of asset objects unloaded after import = 3
========================================================================
Received Import Request.
  Time since last request: 0.000790 seconds.
  path: Assets/tex/fundo.jpg
  artifactKey: Guid(c683cb6afac5bc84392ebf47743cd6bd) Importer(815301076,1909f56bfc062723c751e8b465ee728b)
Start importing Assets/tex/fundo.jpg using Guid(c683cb6afac5bc84392ebf47743cd6bd) Importer(815301076,1909f56bfc062723c751e8b465ee728b) [PhysX] Initialized MultithreadedTaskDispatcher with 12 workers.
[PhysX] Initialized MultithreadedTaskDispatcher with 12 workers.
 -> (artifact id: 'b102b78f3fc5ac3780a550fb1aae8e9e') in 0.039606 seconds
Number of updated asset objects reloaded before import = 0
Number of asset objects unloaded after import = 3
========================================================================
Received Import Request.
  Time since last request: 0.000307 seconds.
  path: Assets/tex/bolha.mat
  artifactKey: Guid(b493b2b0a2938e04ba55246f49a7a24c) Importer(815301076,1909f56bfc062723c751e8b465ee728b)
Start importing Assets/tex/bolha.mat using Guid(b493b2b0a2938e04ba55246f49a7a24c) Importer(815301076,1909f56bfc062723c751e8b465ee728b) [PhysX] Initialized MultithreadedTaskDispatcher with 12 workers.
[PhysX] Initialized MultithreadedTaskDispatcher with 12 workers.
 -> (artifact id: 'c4024b4941aaf359efa02097d1a8ac4a') in 0.655106 seconds
Number of updated asset objects reloaded before import = 0
Number of asset objects unloaded after import = 1
========================================================================
Received Import Request.
  Time since last request: 0.000252 seconds.
  path: Assets/som/puzzle-game-bright-casual-video-game-music-249202.mp3
  artifactKey: Guid(35a3ae39353a5f743a0118c19796baaf) Importer(815301076,1909f56bfc062723c751e8b465ee728b)
Start importing Assets/som/puzzle-game-bright-casual-video-game-music-249202.mp3 using Guid(35a3ae39353a5f743a0118c19796baaf) Importer(815301076,1909f56bfc062723c751e8b465ee728b) [PhysX] Initialized MultithreadedTaskDispatcher with 12 workers.
[PhysX] Initialized MultithreadedTaskDispatcher with 12 workers.
 -> (artifact id: 'e675a7ea7abbd0257439d4361bd76f95') in 1.096688 seconds
Number of updated asset objects reloaded before import = 0
Number of asset objects unloaded after import = 2
========================================================================
Received Import Request.
  Time since last request: 0.000041 seconds.
  path: Assets/tex/play-removebg-preview.png
  artifactKey: Guid(d719c3cfe24c32441a18c03b9c7023ec) Importer(815301076,1909f56bfc062723c751e8b465ee728b)
Start importing Assets/tex/play-removebg-preview.png using Guid(d719c3cfe24c32441a18c03b9c7023ec) Importer(815301076,1909f56bfc062723c751e8b465ee728b) [PhysX] Initialized MultithreadedTaskDispatcher with 12 workers.
[PhysX] Initialized MultithreadedTaskDispatcher with 12 workers.
 -> (artifact id: '28dad4c0add2d94c470a59f8b492d6b7') in 0.069512 seconds
Number of updated asset objects reloaded before import = 0
Number of asset objects unloaded after import = 3
========================================================================
Received Import Request.
  Time since last request: 0.000090 seconds.
  path: Assets/som/ThudSound.mp3
  artifactKey: Guid(f750ec00d7ecf3a42b9324b6227bd88c) Importer(815301076,1909f56bfc062723c751e8b465ee728b)
Start importing Assets/som/ThudSound.mp3 using Guid(f750ec00d7ecf3a42b9324b6227bd88c) Importer(815301076,1909f56bfc062723c751e8b465ee728b) [PhysX] Initialized MultithreadedTaskDispatcher with 12 workers.
[PhysX] Initialized MultithreadedTaskDispatcher with 12 workers.
 -> (artifact id: 'eca8e410a12863be512a6e01ad64b4af') in 0.035978 seconds
Number of updated asset objects reloaded before import = 0
Number of asset objects unloaded after import = 2
========================================================================
Received Import Request.
  Time since last request: 0.000118 seconds.
  path: Assets/som/Point.mp3
  artifactKey: Guid(15fb263208a033647a22f0bddfca15bf) Importer(815301076,1909f56bfc062723c751e8b465ee728b)
Start importing Assets/som/Point.mp3 using Guid(15fb263208a033647a22f0bddfca15bf) Importer(815301076,1909f56bfc062723c751e8b465ee728b) [PhysX] Initialized MultithreadedTaskDispatcher with 12 workers.
[PhysX] Initialized MultithreadedTaskDispatcher with 12 workers.
 -> (artifact id: '986be5327dc99b310ce3e449f52583bb') in 0.034335 seconds
Number of updated asset objects reloaded before import = 0
Number of asset objects unloaded after import = 2
========================================================================
Received Import Request.
  Time since last request: 0.000177 seconds.
  path: Assets/tex/sleepy-zzz-black-text-white-background-sleepy-zzz-black-text-white-background-design-concept-sleep-dream-168298961-removebg-preview (1).png
  artifactKey: Guid(e211935748e44b34f9d363333fa9b998) Importer(815301076,1909f56bfc062723c751e8b465ee728b)
Start importing Assets/tex/sleepy-zzz-black-text-white-background-sleepy-zzz-black-text-white-background-design-concept-sleep-dream-168298961-removebg-preview (1).png using Guid(e211935748e44b34f9d363333fa9b998) Importer(815301076,1909f56bfc062723c751e8b465ee728b) [PhysX] Initialized MultithreadedTaskDispatcher with 12 workers.
[PhysX] Initialized MultithreadedTaskDispatcher with 12 workers.
 -> (artifact id: 'def928b52e9faa12ccf46c9c8ea38c61') in 0.043852 seconds
Number of updated asset objects reloaded before import = 0
Number of asset objects unloaded after import = 3
========================================================================
Received Import Request.
  Time since last request: 0.000038 seconds.
  path: Assets/som/snoring-sound-effect-55854.mp3
  artifactKey: Guid(1fddf327c457a9049b7710bcd32e89aa) Importer(815301076,1909f56bfc062723c751e8b465ee728b)
Start importing Assets/som/snoring-sound-effect-55854.mp3 using Guid(1fddf327c457a9049b7710bcd32e89aa) Importer(815301076,1909f56bfc062723c751e8b465ee728b) [PhysX] Initialized MultithreadedTaskDispatcher with 12 workers.
[PhysX] Initialized MultithreadedTaskDispatcher with 12 workers.
 -> (artifact id: '80cf775bc3443b88247380435d939cad') in 0.039917 seconds
Number of updated asset objects reloaded before import = 0
Number of asset objects unloaded after import = 2
========================================================================
Received Import Request.
  Time since last request: 0.000227 seconds.
  path: Assets/tex/image-removebg-preview (1).png
  artifactKey: Guid(7f1219b1e65cf214da671044b2bb9491) Importer(815301076,1909f56bfc062723c751e8b465ee728b)
Start importing Assets/tex/image-removebg-preview (1).png using Guid(7f1219b1e65cf214da671044b2bb9491) Importer(815301076,1909f56bfc062723c751e8b465ee728b) [PhysX] Initialized MultithreadedTaskDispatcher with 12 workers.
[PhysX] Initialized MultithreadedTaskDispatcher with 12 workers.
 -> (artifact id: 'ee303886e2934e76c2e50a96e4c44319') in 0.038649 seconds
Number of updated asset objects reloaded before import = 0
Number of asset objects unloaded after import = 3
========================================================================
Received Import Request.
  Time since last request: 0.000152 seconds.
  path: Assets/som/birds-19624.mp3
  artifactKey: Guid(ac7d1475dd7a2ea4592c41c62e03cc16) Importer(815301076,1909f56bfc062723c751e8b465ee728b)
Start importing Assets/som/birds-19624.mp3 using Guid(ac7d1475dd7a2ea4592c41c62e03cc16) Importer(815301076,1909f56bfc062723c751e8b465ee728b) [PhysX] Initialized MultithreadedTaskDispatcher with 12 workers.
[PhysX] Initialized MultithreadedTaskDispatcher with 12 workers.
 -> (artifact id: 'e2a8b682167dee2952213744eb7cf99e') in 0.032003 seconds
Number of updated asset objects reloaded before import = 0
Number of asset objects unloaded after import = 2
========================================================================
Received Import Request.
  Time since last request: 0.000414 seconds.
  path: Assets/som/game-music-loop-6-144641.mp3
  artifactKey: Guid(0641d95124e54794689b2c21c215a63c) Importer(815301076,1909f56bfc062723c751e8b465ee728b)
Start importing Assets/som/game-music-loop-6-144641.mp3 using Guid(0641d95124e54794689b2c21c215a63c) Importer(815301076,1909f56bfc062723c751e8b465ee728b) [PhysX] Initialized MultithreadedTaskDispatcher with 12 workers.
[PhysX] Initialized MultithreadedTaskDispatcher with 12 workers.
 -> (artifact id: 'c3d768e9e357cc7b6a32dd9bb0116b12') in 0.031257 seconds
Number of updated asset objects reloaded before import = 0
Number of asset objects unloaded after import = 2
========================================================================
Received Import Request.
  Time since last request: 0.000093 seconds.
  path: Assets/tex/baixados (2) 1.png
  artifactKey: Guid(2f99dc2d99e3f87479146a5b17c0e9ce) Importer(815301076,1909f56bfc062723c751e8b465ee728b)
Start importing Assets/tex/baixados (2) 1.png using Guid(2f99dc2d99e3f87479146a5b17c0e9ce) Importer(815301076,1909f56bfc062723c751e8b465ee728b) [PhysX] Initialized MultithreadedTaskDispatcher with 12 workers.
[PhysX] Initialized MultithreadedTaskDispatcher with 12 workers.
 -> (artifact id: '79f694078f2ed49940c6c91e976c09c1') in 0.038552 seconds
Number of updated asset objects reloaded before import = 0
Number of asset objects unloaded after import = 3
========================================================================
Received Import Request.
  Time since last request: 0.000365 seconds.
  path: Assets/tex/Bird_01.png
  artifactKey: Guid(4b4a57de377138e4e8369d8145550062) Importer(815301076,1909f56bfc062723c751e8b465ee728b)
Start importing Assets/tex/Bird_01.png using Guid(4b4a57de377138e4e8369d8145550062) Importer(815301076,1909f56bfc062723c751e8b465ee728b) [PhysX] Initialized MultithreadedTaskDispatcher with 12 workers.
[PhysX] Initialized MultithreadedTaskDispatcher with 12 workers.
 -> (artifact id: 'a43c8d7d26ada6a37784e6ae55cf3c73') in 0.036057 seconds
Number of updated asset objects reloaded before import = 0
Number of asset objects unloaded after import = 3
========================================================================
Received Import Request.
  Time since last request: 0.000101 seconds.
  path: Assets/som/AirHockeySound.mp3
  artifactKey: Guid(a0424a08499931049b856b74de194fa0) Importer(815301076,1909f56bfc062723c751e8b465ee728b)
Start importing Assets/som/AirHockeySound.mp3 using Guid(a0424a08499931049b856b74de194fa0) Importer(815301076,1909f56bfc062723c751e8b465ee728b) [PhysX] Initialized MultithreadedTaskDispatcher with 12 workers.
[PhysX] Initialized MultithreadedTaskDispatcher with 12 workers.
 -> (artifact id: 'e2a5fd66f264a0e9965eabedf6643e10') in 0.028525 seconds
Number of updated asset objects reloaded before import = 0
Number of asset objects unloaded after import = 2
========================================================================
Received Import Request.
  Time since last request: 0.000078 seconds.
  path: Assets/tex/Imagem_de_fundo_de_tela_para_celular_fantasminha_fofo_preto__2_-removebg-preview.png
  artifactKey: Guid(d2cda64421292a040856c5e2131def36) Importer(815301076,1909f56bfc062723c751e8b465ee728b)
Start importing Assets/tex/Imagem_de_fundo_de_tela_para_celular_fantasminha_fofo_preto__2_-removebg-preview.png using Guid(d2cda64421292a040856c5e2131def36) Importer(815301076,1909f56bfc062723c751e8b465ee728b) [PhysX] Initialized MultithreadedTaskDispatcher with 12 workers.
[PhysX] Initialized MultithreadedTaskDispatcher with 12 workers.
 -> (artifact id: '480f4c2cad2b1744a2b0c0779b15d507') in 0.039974 seconds
Number of updated asset objects reloaded before import = 0
Number of asset objects unloaded after import = 3
========================================================================
Received Import Request.
  Time since last request: 0.000054 seconds.
  path: Assets/tex/Imagem_de_fundo_de_tela_para_celular_fantasminha_fofo_preto__3_-removebg-preview.png
  artifactKey: Guid(759b262ce17cf264cb623a4188e052a8) Importer(815301076,1909f56bfc062723c751e8b465ee728b)
Start importing Assets/tex/Imagem_de_fundo_de_tela_para_celular_fantasminha_fofo_preto__3_-removebg-preview.png using Guid(759b262ce17cf264cb623a4188e052a8) Importer(815301076,1909f56bfc062723c751e8b465ee728b) [PhysX] Initialized MultithreadedTaskDispatcher with 12 workers.
[PhysX] Initialized MultithreadedTaskDispatcher with 12 workers.
 -> (artifact id: '17c297f362d719ced1096ab9f10d66c9') in 0.034216 seconds
Number of updated asset objects reloaded before import = 0
Number of asset objects unloaded after import = 3
========================================================================
Received Import Request.
  Time since last request: 0.000407 seconds.
  path: Assets/tex/chao jogo.png
  artifactKey: Guid(691d7a1768909f44faa2e6aa5ffcf9fa) Importer(815301076,1909f56bfc062723c751e8b465ee728b)
Start importing Assets/tex/chao jogo.png using Guid(691d7a1768909f44faa2e6aa5ffcf9fa) Importer(815301076,1909f56bfc062723c751e8b465ee728b) [PhysX] Initialized MultithreadedTaskDispatcher with 12 workers.
[PhysX] Initialized MultithreadedTaskDispatcher with 12 workers.
 -> (artifact id: '1098b8463e6dca3f2d0c86dfca665849') in 0.038503 seconds
Number of updated asset objects reloaded before import = 0
Number of asset objects unloaded after import = 3
========================================================================
Received Import Request.
  Time since last request: 0.000046 seconds.
  path: Assets/tex/pngtree-game-over-logo-with-illustration-png-image_8872898-removebg-preview.png
  artifactKey: Guid(60286b2fa943e534c9e9d88bb709afbd) Importer(815301076,1909f56bfc062723c751e8b465ee728b)
Start importing Assets/tex/pngtree-game-over-logo-with-illustration-png-image_8872898-removebg-preview.png using Guid(60286b2fa943e534c9e9d88bb709afbd) Importer(815301076,1909f56bfc062723c751e8b465ee728b) [PhysX] Initialized MultithreadedTaskDispatcher with 12 workers.
[PhysX] Initialized MultithreadedTaskDispatcher with 12 workers.
 -> (artifact id: 'bdc8d05c94e87c3e251dac4ad4a199c7') in 0.072463 seconds
Number of updated asset objects reloaded before import = 0
Number of asset objects unloaded after import = 3
========================================================================
Received Import Request.
  Time since last request: 0.000033 seconds.
  path: Assets/som/bubbles-003-6397.mp3
  artifactKey: Guid(501ce3f8694570d4fae3f9b7cd0c6d4e) Importer(815301076,1909f56bfc062723c751e8b465ee728b)
Start importing Assets/som/bubbles-003-6397.mp3 using Guid(501ce3f8694570d4fae3f9b7cd0c6d4e) Importer(815301076,1909f56bfc062723c751e8b465ee728b) [PhysX] Initialized MultithreadedTaskDispatcher with 12 workers.
[PhysX] Initialized MultithreadedTaskDispatcher with 12 workers.
 -> (artifact id: 'a9c34fadbf7c16883c54c020d26ef9d0') in 0.037424 seconds
Number of updated asset objects reloaded before import = 0
Number of asset objects unloaded after import = 2
========================================================================
Received Import Request.
  Time since last request: 0.000045 seconds.
  path: Assets/tex/scissors.png
  artifactKey: Guid(1176b301c9e41274fa18154093efc6cb) Importer(815301076,1909f56bfc062723c751e8b465ee728b)
Start importing Assets/tex/scissors.png using Guid(1176b301c9e41274fa18154093efc6cb) Importer(815301076,1909f56bfc062723c751e8b465ee728b) [PhysX] Initialized MultithreadedTaskDispatcher with 12 workers.
[PhysX] Initialized MultithreadedTaskDispatcher with 12 workers.
 -> (artifact id: 'ffa3f074013f064a70d7c77d5279ae61') in 0.046845 seconds
Number of updated asset objects reloaded before import = 0
Number of asset objects unloaded after import = 3
========================================================================
Received Import Request.
  Time since last request: 0.000143 seconds.
  path: Assets/som/deltarune-explosion.wav
  artifactKey: Guid(1923eb06b864b1140967f3b4268a3471) Importer(815301076,1909f56bfc062723c751e8b465ee728b)
Start importing Assets/som/deltarune-explosion.wav using Guid(1923eb06b864b1140967f3b4268a3471) Importer(815301076,1909f56bfc062723c751e8b465ee728b) [PhysX] Initialized MultithreadedTaskDispatcher with 12 workers.
[PhysX] Initialized MultithreadedTaskDispatcher with 12 workers.
 -> (artifact id: 'ef92b65428511f3fdb103b20d620cbb4') in 0.029928 seconds
Number of updated asset objects reloaded before import = 0
Number of asset objects unloaded after import = 2
========================================================================
Received Import Request.
  Time since last request: 0.000153 seconds.
  path: Assets/tex/FundoCeu.jpg
  artifactKey: Guid(4ea80c76611be87408dba7b3a1dca00b) Importer(815301076,1909f56bfc062723c751e8b465ee728b)
Start importing Assets/tex/FundoCeu.jpg using Guid(4ea80c76611be87408dba7b3a1dca00b) Importer(815301076,1909f56bfc062723c751e8b465ee728b) [PhysX] Initialized MultithreadedTaskDispatcher with 12 workers.
[PhysX] Initialized MultithreadedTaskDispatcher with 12 workers.
 -> (artifact id: '863d6eaa2fa244e91dc5f6322ed132fd') in 0.033272 seconds
Number of updated asset objects reloaded before import = 0
Number of asset objects unloaded after import = 3
========================================================================
Received Import Request.
  Time since last request: 0.000043 seconds.
  path: Assets/tex/Imagem de fundo de tela para celular fantasminha fofo preto (13).png
  artifactKey: Guid(c2a02354692305b4fbe400013b53d15a) Importer(815301076,1909f56bfc062723c751e8b465ee728b)
Start importing Assets/tex/Imagem de fundo de tela para celular fantasminha fofo preto (13).png using Guid(c2a02354692305b4fbe400013b53d15a) Importer(815301076,1909f56bfc062723c751e8b465ee728b) [PhysX] Initialized MultithreadedTaskDispatcher with 12 workers.
[PhysX] Initialized MultithreadedTaskDispatcher with 12 workers.
 -> (artifact id: '74e670f23fd2d3988b0e48fb34b24086') in 0.037810 seconds
Number of updated asset objects reloaded before import = 0
Number of asset objects unloaded after import = 3
========================================================================
Received Import Request.
  Time since last request: 0.000035 seconds.
  path: Assets/tex/hand-paper.png
  artifactKey: Guid(fbcabe7c7a973394fb598f438f75e2b2) Importer(815301076,1909f56bfc062723c751e8b465ee728b)
Start importing Assets/tex/hand-paper.png using Guid(fbcabe7c7a973394fb598f438f75e2b2) Importer(815301076,1909f56bfc062723c751e8b465ee728b) [PhysX] Initialized MultithreadedTaskDispatcher with 12 workers.
[PhysX] Initialized MultithreadedTaskDispatcher with 12 workers.
 -> (artifact id: '7163b9123d9b36df8bce58915dde5232') in 0.032530 seconds
Number of updated asset objects reloaded before import = 0
Number of asset objects unloaded after import = 3
========================================================================
Received Import Request.
  Time since last request: 0.000882 seconds.
  path: Assets/tex/Bottom_Orgulho_Queer__All_Type_Colorido___1_-removebg-preview (1) 1.png
  artifactKey: Guid(40083ee4fc10fde4cb9122b57f581591) Importer(815301076,1909f56bfc062723c751e8b465ee728b)
Start importing Assets/tex/Bottom_Orgulho_Queer__All_Type_Colorido___1_-removebg-preview (1) 1.png using Guid(40083ee4fc10fde4cb9122b57f581591) Importer(815301076,1909f56bfc062723c751e8b465ee728b) [PhysX] Initialized MultithreadedTaskDispatcher with 12 workers.
[PhysX] Initialized MultithreadedTaskDispatcher with 12 workers.
 -> (artifact id: 'cbd094d4a9e370fd3672fb6bd56a7f51') in 0.028372 seconds
Number of updated asset objects reloaded before import = 0
Number of asset objects unloaded after import = 2
========================================================================
Received Import Request.
  Time since last request: 0.000037 seconds.
  path: Assets/som/munching-food-73994.mp3
  artifactKey: Guid(21feaf28f8d2e7543b6166364c0cc62b) Importer(815301076,1909f56bfc062723c751e8b465ee728b)
Start importing Assets/som/munching-food-73994.mp3 using Guid(21feaf28f8d2e7543b6166364c0cc62b) Importer(815301076,1909f56bfc062723c751e8b465ee728b) [PhysX] Initialized MultithreadedTaskDispatcher with 12 workers.
[PhysX] Initialized MultithreadedTaskDispatcher with 12 workers.
 -> (artifact id: 'ac8ce8b54b091e613a9d43a96cbf06b5') in 0.030289 seconds
Number of updated asset objects reloaded before import = 0
Number of asset objects unloaded after import = 2
========================================================================
Received Import Request.
  Time since last request: 0.000051 seconds.
  path: Assets/tex/Significado-de-Sonhar-Com-Espuma-removebg-preview.png
  artifactKey: Guid(263f06877ec14e642b0a37103c71839c) Importer(815301076,1909f56bfc062723c751e8b465ee728b)
Start importing Assets/tex/Significado-de-Sonhar-Com-Espuma-removebg-preview.png using Guid(263f06877ec14e642b0a37103c71839c) Importer(815301076,1909f56bfc062723c751e8b465ee728b) [PhysX] Initialized MultithreadedTaskDispatcher with 12 workers.
[PhysX] Initialized MultithreadedTaskDispatcher with 12 workers.
 -> (artifact id: 'b8e3e6de295840d4383b9aea6326b79f') in 0.040208 seconds
Number of updated asset objects reloaded before import = 0
Number of asset objects unloaded after import = 3
========================================================================
Received Import Request.
  Time since last request: 0.000058 seconds.
  path: Assets/tex/images-removebg-preview.png
  artifactKey: Guid(638de77b3fce9f245bbfa71bcb59bbab) Importer(815301076,1909f56bfc062723c751e8b465ee728b)
Start importing Assets/tex/images-removebg-preview.png using Guid(638de77b3fce9f245bbfa71bcb59bbab) Importer(815301076,1909f56bfc062723c751e8b465ee728b) [PhysX] Initialized MultithreadedTaskDispatcher with 12 workers.
[PhysX] Initialized MultithreadedTaskDispatcher with 12 workers.
 -> (artifact id: '82e0bf8ffa923ac8e2b355ff1b37c16c') in 0.039095 seconds
Number of updated asset objects reloaded before import = 0
Number of asset objects unloaded after import = 3
========================================================================
Received Import Request.
  Time since last request: 0.000096 seconds.
  path: Assets/tex/baixados (2).png
  artifactKey: Guid(0c67cabdec90b5042af75aeb3cbf25a6) Importer(815301076,1909f56bfc062723c751e8b465ee728b)
Start importing Assets/tex/baixados (2).png using Guid(0c67cabdec90b5042af75aeb3cbf25a6) Importer(815301076,1909f56bfc062723c751e8b465ee728b) [PhysX] Initialized MultithreadedTaskDispatcher with 12 workers.
[PhysX] Initialized MultithreadedTaskDispatcher with 12 workers.
 -> (artifact id: '16ed47d799cd1988f50a580577404f75') in 0.034518 seconds
Number of updated asset objects reloaded before import = 0
Number of asset objects unloaded after import = 2
========================================================================
Received Import Request.
  Time since last request: 10.834493 seconds.
  path: Assets/Prefabs/Espuma.prefab
  artifactKey: Guid(bd55febcc877faa4ca28bc61a6648276) Importer(815301076,1909f56bfc062723c751e8b465ee728b)
Start importing Assets/Prefabs/Espuma.prefab using Guid(bd55febcc877faa4ca28bc61a6648276) Importer(815301076,1909f56bfc062723c751e8b465ee728b) [PhysX] Initialized MultithreadedTaskDispatcher with 12 workers.
[PhysX] Initialized MultithreadedTaskDispatcher with 12 workers.
 -> (artifact id: '1b4e43597f814b81be92b9ace5d1707d') in 0.040093 seconds
Number of updated asset objects reloaded before import = 0
Number of asset objects unloaded after import = 7
========================================================================
Received Prepare
Begin MonoManager ReloadAssembly
- Loaded All Assemblies, in  5.149 seconds
Refreshing native plugins compatible for Editor in 2.89 ms, found 3 plugins.
Native extension for WindowsStandalone target not found
[Package Manager] Server::EnsureServerProcessIsRunning -- launch failed, reason: Unity was launched with the -noUpm command-line argument
[Package Manager] UpmClient::Send -- Unable to send message (not connected to UPM process).
[Package Manager] Cannot connect to Unity Package Manager local server
Mono: successfully reloaded assembly
- Finished resetting the current domain, in  2.091 seconds
Domain Reload Profiling: 7244ms
	BeginReloadAssembly (1955ms)
		ExecutionOrderSort (0ms)
		DisableScriptedObjects (66ms)
		BackupInstance (0ms)
		ReleaseScriptingObjects (3ms)
		CreateAndSetChildDomain (1200ms)
	RebuildCommonClasses (47ms)
	RebuildNativeTypeToScriptingClass (13ms)
	initialDomainReloadingComplete (50ms)
	LoadAllAssembliesAndSetupDomain (3089ms)
		LoadAssemblies (3440ms)
		RebuildTransferFunctionScriptingTraits (0ms)
		AnalyzeDomain (62ms)
			TypeCache.Refresh (36ms)
				TypeCache.ScanAssembly (3ms)
			ScanForSourceGeneratedMonoScriptInfo (13ms)
			ResolveRequiredComponents (11ms)
	FinalizeReload (2092ms)
		ReleaseScriptCaches (0ms)
		RebuildScriptCaches (0ms)
		SetupLoadedEditorAssemblies (772ms)
			LogAssemblyErrors (0ms)
			InitializePlatformSupportModulesInManaged (18ms)
			SetLoadedEditorAssemblies (10ms)
			RefreshPlugins (0ms)
			BeforeProcessingInitializeOnLoad (102ms)
			ProcessInitializeOnLoadAttributes (561ms)
			ProcessInitializeOnLoadMethodAttributes (75ms)
			AfterProcessingInitializeOnLoad (6ms)
			EditorAssembliesLoaded (1ms)
		ExecutionOrderSort2 (0ms)
		AwakeInstancesAfterBackupRestoration (11ms)
Refreshing native plugins compatible for Editor in 8.29 ms, found 3 plugins.
Preloading 0 native plugins for Editor in 0.00 ms.
Unloading 3106 Unused Serialized files (Serialized files now loaded: 0)
Unloading 24 unused Assets / (31.6 KB). Loaded Objects now: 3663.
Memory consumption went from 126.8 MB to 126.8 MB.
Total: 61.804800 ms (FindLiveObjects: 0.272000 ms CreateObjectMapping: 0.107000 ms MarkObjects: 59.474100 ms  DeleteObjects: 1.949900 ms)

Prepare: number of updated asset objects reloaded= 0
AssetImportParameters requested are different than current active one (requested -> active):
  custom:container-demuxer-ogg: 62fdf1f143b41e24485cea50d1cbac27 -> 
  custom:video-decoder-ogg-theora: a1e56fd34408186e4bbccfd4996cb3dc -> 
  custom:framework-win-MediaFoundation: 216162199b28c13a410421893ffa2e32 -> 
  custom:CustomObjectIndexerAttribute: 9a22284fe3817be447336de3de66b15e -> 
  custom:container-demuxer-webm: 4f35f7cbe854078d1ac9338744f61a02 -> 
  custom:container-muxer-webm: aa71ff27fc2769a1b78a27578f13a17b -> 
  custom:video-decoder-webm-vp8: 9c59270c3fd7afecdb556c50c9e8de78 -> 
  custom:SearchIndexIgnoredProperties: e643bd26f0fe6173181afceb89e7c659 -> 
  custom:AudioImporter_EditorPlatform: d09bf68614088b80899f8185d706f6e7 -> 
  custom:video-encoder-webm-vp8: eb34c28f22e8b96e1ab97ce403110664 -> 
  custom:audio-decoder-ogg-vorbis: bf7c407c2cedff20999df2af8eb42d56 -> 
  custom:audio-encoder-webm-vorbis: bf7c407c2cedff20999df2af8eb42d56 -> 
========================================================================
Received Prepare
Begin MonoManager ReloadAssembly
- Loaded All Assemblies, in  0.818 seconds
Refreshing native plugins compatible for Editor in 3.84 ms, found 3 plugins.
Native extension for WindowsStandalone target not found
[Package Manager] Server::EnsureServerProcessIsRunning -- launch failed, reason: Unity was launched with the -noUpm command-line argument
[Package Manager] UpmClient::Send -- Unable to send message (not connected to UPM process).
[Package Manager] Cannot connect to Unity Package Manager local server
Mono: successfully reloaded assembly
- Finished resetting the current domain, in  2.962 seconds
Domain Reload Profiling: 3776ms
	BeginReloadAssembly (210ms)
		ExecutionOrderSort (0ms)
		DisableScriptedObjects (6ms)
		BackupInstance (0ms)
		ReleaseScriptingObjects (0ms)
		CreateAndSetChildDomain (39ms)
	RebuildCommonClasses (60ms)
	RebuildNativeTypeToScriptingClass (25ms)
	initialDomainReloadingComplete (47ms)
	LoadAllAssembliesAndSetupDomain (472ms)
		LoadAssemblies (569ms)
		RebuildTransferFunctionScriptingTraits (0ms)
		AnalyzeDomain (29ms)
			TypeCache.Refresh (12ms)
				TypeCache.ScanAssembly (0ms)
			ScanForSourceGeneratedMonoScriptInfo (9ms)
			ResolveRequiredComponents (7ms)
	FinalizeReload (2962ms)
		ReleaseScriptCaches (0ms)
		RebuildScriptCaches (0ms)
		SetupLoadedEditorAssemblies (1077ms)
			LogAssemblyErrors (0ms)
			InitializePlatformSupportModulesInManaged (17ms)
			SetLoadedEditorAssemblies (7ms)
			RefreshPlugins (0ms)
			BeforeProcessingInitializeOnLoad (146ms)
			ProcessInitializeOnLoadAttributes (857ms)
			ProcessInitializeOnLoadMethodAttributes (41ms)
			AfterProcessingInitializeOnLoad (8ms)
			EditorAssembliesLoaded (0ms)
		ExecutionOrderSort2 (0ms)
		AwakeInstancesAfterBackupRestoration (10ms)
Refreshing native plugins compatible for Editor in 15.95 ms, found 3 plugins.
Preloading 0 native plugins for Editor in 0.00 ms.
Unloading 3107 Unused Serialized files (Serialized files now loaded: 0)
Unloading 24 unused Assets / (36.1 KB). Loaded Objects now: 3666.
Memory consumption went from 127.0 MB to 127.0 MB.
Total: 8.661900 ms (FindLiveObjects: 0.554100 ms CreateObjectMapping: 0.305800 ms MarkObjects: 7.177300 ms  DeleteObjects: 0.620600 ms)

Prepare: number of updated asset objects reloaded= 0
AssetImportParameters requested are different than current active one (requested -> active):
  custom:container-demuxer-ogg: 62fdf1f143b41e24485cea50d1cbac27 -> 
  custom:video-decoder-ogg-theora: a1e56fd34408186e4bbccfd4996cb3dc -> 
  custom:framework-win-MediaFoundation: 216162199b28c13a410421893ffa2e32 -> 
  custom:CustomObjectIndexerAttribute: 9a22284fe3817be447336de3de66b15e -> 
  custom:container-demuxer-webm: 4f35f7cbe854078d1ac9338744f61a02 -> 
  custom:container-muxer-webm: aa71ff27fc2769a1b78a27578f13a17b -> 
  custom:video-decoder-webm-vp8: 9c59270c3fd7afecdb556c50c9e8de78 -> 
  custom:SearchIndexIgnoredProperties: e643bd26f0fe6173181afceb89e7c659 -> 
  custom:AudioImporter_EditorPlatform: d09bf68614088b80899f8185d706f6e7 -> 
  custom:video-encoder-webm-vp8: eb34c28f22e8b96e1ab97ce403110664 -> 
  custom:audio-decoder-ogg-vorbis: bf7c407c2cedff20999df2af8eb42d56 -> 
  custom:audio-encoder-webm-vorbis: bf7c407c2cedff20999df2af8eb42d56 -> 
========================================================================
Received Prepare
Begin MonoManager ReloadAssembly
- Loaded All Assemblies, in  1.611 seconds
Refreshing native plugins compatible for Editor in 11.66 ms, found 3 plugins.
Native extension for WindowsStandalone target not found
[Package Manager] Server::EnsureServerProcessIsRunning -- launch failed, reason: Unity was launched with the -noUpm command-line argument
[Package Manager] UpmClient::Send -- Unable to send message (not connected to UPM process).
[Package Manager] Cannot connect to Unity Package Manager local server
Mono: successfully reloaded assembly
- Finished resetting the current domain, in  2.730 seconds
Domain Reload Profiling: 4348ms
	BeginReloadAssembly (386ms)
		ExecutionOrderSort (0ms)
		DisableScriptedObjects (4ms)
		BackupInstance (0ms)
		ReleaseScriptingObjects (0ms)
		CreateAndSetChildDomain (60ms)
	RebuildCommonClasses (60ms)
	RebuildNativeTypeToScriptingClass (19ms)
	initialDomainReloadingComplete (61ms)
	LoadAllAssembliesAndSetupDomain (1090ms)
		LoadAssemblies (1310ms)
		RebuildTransferFunctionScriptingTraits (0ms)
		AnalyzeDomain (47ms)
			TypeCache.Refresh (28ms)
				TypeCache.ScanAssembly (0ms)
			ScanForSourceGeneratedMonoScriptInfo (0ms)
			ResolveRequiredComponents (17ms)
	FinalizeReload (2731ms)
		ReleaseScriptCaches (0ms)
		RebuildScriptCaches (0ms)
		SetupLoadedEditorAssemblies (820ms)
			LogAssemblyErrors (0ms)
			InitializePlatformSupportModulesInManaged (12ms)
			SetLoadedEditorAssemblies (7ms)
			RefreshPlugins (0ms)
			BeforeProcessingInitializeOnLoad (112ms)
			ProcessInitializeOnLoadAttributes (632ms)
			ProcessInitializeOnLoadMethodAttributes (48ms)
			AfterProcessingInitializeOnLoad (9ms)
			EditorAssembliesLoaded (1ms)
		ExecutionOrderSort2 (0ms)
		AwakeInstancesAfterBackupRestoration (13ms)
Refreshing native plugins compatible for Editor in 8.86 ms, found 3 plugins.
Preloading 0 native plugins for Editor in 0.00 ms.
Unloading 3107 Unused Serialized files (Serialized files now loaded: 0)
Unloading 24 unused Assets / (31.7 KB). Loaded Objects now: 3669.
Memory consumption went from 127.0 MB to 127.0 MB.
Total: 9.224100 ms (FindLiveObjects: 0.333900 ms CreateObjectMapping: 0.086500 ms MarkObjects: 8.636400 ms  DeleteObjects: 0.165500 ms)

Prepare: number of updated asset objects reloaded= 0
AssetImportParameters requested are different than current active one (requested -> active):
  custom:container-demuxer-ogg: 62fdf1f143b41e24485cea50d1cbac27 -> 
  custom:video-decoder-ogg-theora: a1e56fd34408186e4bbccfd4996cb3dc -> 
  custom:framework-win-MediaFoundation: 216162199b28c13a410421893ffa2e32 -> 
  custom:CustomObjectIndexerAttribute: 9a22284fe3817be447336de3de66b15e -> 
  custom:container-demuxer-webm: 4f35f7cbe854078d1ac9338744f61a02 -> 
  custom:container-muxer-webm: aa71ff27fc2769a1b78a27578f13a17b -> 
  custom:video-decoder-webm-vp8: 9c59270c3fd7afecdb556c50c9e8de78 -> 
  custom:SearchIndexIgnoredProperties: e643bd26f0fe6173181afceb89e7c659 -> 
  custom:AudioImporter_EditorPlatform: d09bf68614088b80899f8185d706f6e7 -> 
  custom:video-encoder-webm-vp8: eb34c28f22e8b96e1ab97ce403110664 -> 
  custom:audio-decoder-ogg-vorbis: bf7c407c2cedff20999df2af8eb42d56 -> 
  custom:audio-encoder-webm-vorbis: bf7c407c2cedff20999df2af8eb42d56 -> 
========================================================================
Received Import Request.
  Time since last request: 703.631671 seconds.
  path: Assets/ASSETS/Tiny_Treats_Baked_Goods_1.0_FREE/sample.png
  artifactKey: Guid(3dad665f1a521cc49b9436f976995f6e) Importer(815301076,1909f56bfc062723c751e8b465ee728b)
Start importing Assets/ASSETS/Tiny_Treats_Baked_Goods_1.0_FREE/sample.png using Guid(3dad665f1a521cc49b9436f976995f6e) Importer(815301076,1909f56bfc062723c751e8b465ee728b) [PhysX] Initialized MultithreadedTaskDispatcher with 12 workers.
[PhysX] Initialized MultithreadedTaskDispatcher with 12 workers.
 -> (artifact id: 'c4aef8711d5816bef58e3342492617cd') in 0.289612 seconds
Number of updated asset objects reloaded before import = 0
Number of asset objects unloaded after import = 2
========================================================================
Received Import Request.
  Time since last request: 2.910603 seconds.
  path: Assets/ASSETS/Tiny_Treats_Baked_Goods_1.0_FREE/Assets/fbx(unity)/baguette_half.fbx
  artifactKey: Guid(fc18daadbea3bec4ab73a79735248bd5) Importer(815301076,1909f56bfc062723c751e8b465ee728b)
Start importing Assets/ASSETS/Tiny_Treats_Baked_Goods_1.0_FREE/Assets/fbx(unity)/baguette_half.fbx using Guid(fc18daadbea3bec4ab73a79735248bd5) Importer(815301076,1909f56bfc062723c751e8b465ee728b) [PhysX] Initialized MultithreadedTaskDispatcher with 12 workers.
[PhysX] Initialized MultithreadedTaskDispatcher with 12 workers.
[PhysX] Initialized MultithreadedTaskDispatcher with 12 workers.
[PhysX] Initialized MultithreadedTaskDispatcher with 12 workers.
 -> (artifact id: 'f1a8ae2f00419a61c728ff2c478e8809') in 0.881913 seconds
Number of updated asset objects reloaded before import = 0
Number of asset objects unloaded after import = 9
========================================================================
Received Import Request.
  Time since last request: 0.000051 seconds.
  path: Assets/ASSETS/Tiny_Treats_Baked_Goods_1.0_FREE/Assets/fbx(unity)/cake_strawberry.fbx
  artifactKey: Guid(2918b218dfdf4024cac2cac19f97fc8b) Importer(815301076,1909f56bfc062723c751e8b465ee728b)
Start importing Assets/ASSETS/Tiny_Treats_Baked_Goods_1.0_FREE/Assets/fbx(unity)/cake_strawberry.fbx using Guid(2918b218dfdf4024cac2cac19f97fc8b) Importer(815301076,1909f56bfc062723c751e8b465ee728b) [PhysX] Initialized MultithreadedTaskDispatcher with 12 workers.
[PhysX] Initialized MultithreadedTaskDispatcher with 12 workers.
[PhysX] Initialized MultithreadedTaskDispatcher with 12 workers.
[PhysX] Initialized MultithreadedTaskDispatcher with 12 workers.
 -> (artifact id: '4df312cb19a4c5cc5b7faccdcae155ef') in 0.061302 seconds
Number of updated asset objects reloaded before import = 0
Number of asset objects unloaded after import = 9
========================================================================
Received Import Request.
  Time since last request: 0.000567 seconds.
  path: Assets/ASSETS/Tiny_Treats_Baked_Goods_1.0_FREE/Assets/fbx(unity)/cake_chocolate_cut.fbx
  artifactKey: Guid(7efa80303b37d624d8591a60d8ab196b) Importer(815301076,1909f56bfc062723c751e8b465ee728b)
Start importing Assets/ASSETS/Tiny_Treats_Baked_Goods_1.0_FREE/Assets/fbx(unity)/cake_chocolate_cut.fbx using Guid(7efa80303b37d624d8591a60d8ab196b) Importer(815301076,1909f56bfc062723c751e8b465ee728b) [PhysX] Initialized MultithreadedTaskDispatcher with 12 workers.
[PhysX] Initialized MultithreadedTaskDispatcher with 12 workers.
[PhysX] Initialized MultithreadedTaskDispatcher with 12 workers.
[PhysX] Initialized MultithreadedTaskDispatcher with 12 workers.
 -> (artifact id: '2d44ea5babcbf7a8fa293bbbcc53ed5c') in 0.054438 seconds
Number of updated asset objects reloaded before import = 0
Number of asset objects unloaded after import = 9
========================================================================
Received Import Request.
  Time since last request: 0.000025 seconds.
  path: Assets/ASSETS/Tiny_Treats_Baked_Goods_1.0_FREE/Assets/fbx(unity)/donut_pink.fbx
  artifactKey: Guid(a019b219cf726d649b19088ceb778c14) Importer(815301076,1909f56bfc062723c751e8b465ee728b)
Start importing Assets/ASSETS/Tiny_Treats_Baked_Goods_1.0_FREE/Assets/fbx(unity)/donut_pink.fbx using Guid(a019b219cf726d649b19088ceb778c14) Importer(815301076,1909f56bfc062723c751e8b465ee728b) [PhysX] Initialized MultithreadedTaskDispatcher with 12 workers.
[PhysX] Initialized MultithreadedTaskDispatcher with 12 workers.
[PhysX] Initialized MultithreadedTaskDispatcher with 12 workers.
[PhysX] Initialized MultithreadedTaskDispatcher with 12 workers.
 -> (artifact id: 'd225c3ba5a652ce50d8fe44e55bf41b3') in 0.068503 seconds
Number of updated asset objects reloaded before import = 0
Number of asset objects unloaded after import = 9
========================================================================
Received Import Request.
  Time since last request: 0.000033 seconds.
  path: Assets/ASSETS/Tiny_Treats_Baked_Goods_1.0_FREE/Assets/fbx(unity)/bread_slice.fbx
  artifactKey: Guid(0a082eaea3f1d60429f5a520a2a3ad9e) Importer(815301076,1909f56bfc062723c751e8b465ee728b)
Start importing Assets/ASSETS/Tiny_Treats_Baked_Goods_1.0_FREE/Assets/fbx(unity)/bread_slice.fbx using Guid(0a082eaea3f1d60429f5a520a2a3ad9e) Importer(815301076,1909f56bfc062723c751e8b465ee728b) [PhysX] Initialized MultithreadedTaskDispatcher with 12 workers.
[PhysX] Initialized MultithreadedTaskDispatcher with 12 workers.
[PhysX] Initialized MultithreadedTaskDispatcher with 12 workers.
[PhysX] Initialized MultithreadedTaskDispatcher with 12 workers.
 -> (artifact id: 'd7b28358892a85e79d3e246922389712') in 0.056585 seconds
Number of updated asset objects reloaded before import = 0
Number of asset objects unloaded after import = 9
========================================================================
Received Import Request.
  Time since last request: 0.000071 seconds.
  path: Assets/ASSETS/Tiny_Treats_Baked_Goods_1.0_FREE/Assets/fbx(unity)/bread_roll.fbx
  artifactKey: Guid(d2baf5cb1498f484999f41a89ee889ec) Importer(815301076,1909f56bfc062723c751e8b465ee728b)
Start importing Assets/ASSETS/Tiny_Treats_Baked_Goods_1.0_FREE/Assets/fbx(unity)/bread_roll.fbx using Guid(d2baf5cb1498f484999f41a89ee889ec) Importer(815301076,1909f56bfc062723c751e8b465ee728b) [PhysX] Initialized MultithreadedTaskDispatcher with 12 workers.
[PhysX] Initialized MultithreadedTaskDispatcher with 12 workers.
[PhysX] Initialized MultithreadedTaskDispatcher with 12 workers.
[PhysX] Initialized MultithreadedTaskDispatcher with 12 workers.
 -> (artifact id: '7710d8fbf2649e5d5e09d1be0640fc88') in 0.051429 seconds
Number of updated asset objects reloaded before import = 0
Number of asset objects unloaded after import = 9
========================================================================
Received Import Request.
  Time since last request: 0.000031 seconds.
  path: Assets/ASSETS/Tiny_Treats_Baked_Goods_1.0_FREE/Assets/fbx(unity)/cake_birthday_slice.fbx
  artifactKey: Guid(010e9b09a971d204589f03adbd53162e) Importer(815301076,1909f56bfc062723c751e8b465ee728b)
Start importing Assets/ASSETS/Tiny_Treats_Baked_Goods_1.0_FREE/Assets/fbx(unity)/cake_birthday_slice.fbx using Guid(010e9b09a971d204589f03adbd53162e) Importer(815301076,1909f56bfc062723c751e8b465ee728b) [PhysX] Initialized MultithreadedTaskDispatcher with 12 workers.
[PhysX] Initialized MultithreadedTaskDispatcher with 12 workers.
[PhysX] Initialized MultithreadedTaskDispatcher with 12 workers.
[PhysX] Initialized MultithreadedTaskDispatcher with 12 workers.
[PhysX] Initialized MultithreadedTaskDispatcher with 12 workers.
[PhysX] Initialized MultithreadedTaskDispatcher with 12 workers.
 -> (artifact id: '51d9e7cd519571b9c804a59b8d922783') in 0.063469 seconds
Number of updated asset objects reloaded before import = 0
Number of asset objects unloaded after import = 14
========================================================================
Received Import Request.
  Time since last request: 0.000035 seconds.
  path: Assets/ASSETS/Tiny_Treats_Baked_Goods_1.0_FREE/Assets/fbx(unity)/pie_apple.fbx
  artifactKey: Guid(acfd44855f0e45c4092a4fb361b74479) Importer(815301076,1909f56bfc062723c751e8b465ee728b)
Start importing Assets/ASSETS/Tiny_Treats_Baked_Goods_1.0_FREE/Assets/fbx(unity)/pie_apple.fbx using Guid(acfd44855f0e45c4092a4fb361b74479) Importer(815301076,1909f56bfc062723c751e8b465ee728b) [PhysX] Initialized MultithreadedTaskDispatcher with 12 workers.
[PhysX] Initialized MultithreadedTaskDispatcher with 12 workers.
[PhysX] Initialized MultithreadedTaskDispatcher with 12 workers.
[PhysX] Initialized MultithreadedTaskDispatcher with 12 workers.
 -> (artifact id: '04e1b8d3e9e83e17d6e5ab3bd4509c1f') in 0.050614 seconds
Number of updated asset objects reloaded before import = 0
Number of asset objects unloaded after import = 9
========================================================================
Received Import Request.
  Time since last request: 0.000028 seconds.
  path: Assets/ASSETS/Tiny_Treats_Baked_Goods_1.0_FREE/Assets/fbx(unity)/tiny_treats_texture_1.png
  artifactKey: Guid(eecf6901efaaa0e4888702e06f6bab02) Importer(815301076,1909f56bfc062723c751e8b465ee728b)
Start importing Assets/ASSETS/Tiny_Treats_Baked_Goods_1.0_FREE/Assets/fbx(unity)/tiny_treats_texture_1.png using Guid(eecf6901efaaa0e4888702e06f6bab02) Importer(815301076,1909f56bfc062723c751e8b465ee728b) [PhysX] Initialized MultithreadedTaskDispatcher with 12 workers.
[PhysX] Initialized MultithreadedTaskDispatcher with 12 workers.
 -> (artifact id: '126aeae89bea25f9084fbcf3cb0318d5') in 0.026854 seconds
Number of updated asset objects reloaded before import = 0
Number of asset objects unloaded after import = 2
========================================================================
Received Import Request.
  Time since last request: 0.000044 seconds.
  path: Assets/ASSETS/Tiny_Treats_Baked_Goods_1.0_FREE/Assets/fbx(unity)/waffle.fbx
  artifactKey: Guid(6e4b8783be2f1dc4a96fa447f3334247) Importer(815301076,1909f56bfc062723c751e8b465ee728b)
Start importing Assets/ASSETS/Tiny_Treats_Baked_Goods_1.0_FREE/Assets/fbx(unity)/waffle.fbx using Guid(6e4b8783be2f1dc4a96fa447f3334247) Importer(815301076,1909f56bfc062723c751e8b465ee728b) [PhysX] Initialized MultithreadedTaskDispatcher with 12 workers.
[PhysX] Initialized MultithreadedTaskDispatcher with 12 workers.
[PhysX] Initialized MultithreadedTaskDispatcher with 12 workers.
[PhysX] Initialized MultithreadedTaskDispatcher with 12 workers.
 -> (artifact id: '8fae73e5b8b406bbaaa44546464c0644') in 0.054766 seconds
Number of updated asset objects reloaded before import = 0
Number of asset objects unloaded after import = 9
========================================================================
Received Import Request.
  Time since last request: 0.000027 seconds.
  path: Assets/ASSETS/Tiny_Treats_Baked_Goods_1.0_FREE/Assets/fbx(unity)/pie_cherry_slice.fbx
  artifactKey: Guid(0ba8ea07172c8b94fb6aaa7917d3f8de) Importer(815301076,1909f56bfc062723c751e8b465ee728b)
Start importing Assets/ASSETS/Tiny_Treats_Baked_Goods_1.0_FREE/Assets/fbx(unity)/pie_cherry_slice.fbx using Guid(0ba8ea07172c8b94fb6aaa7917d3f8de) Importer(815301076,1909f56bfc062723c751e8b465ee728b) [PhysX] Initialized MultithreadedTaskDispatcher with 12 workers.
[PhysX] Initialized MultithreadedTaskDispatcher with 12 workers.
[PhysX] Initialized MultithreadedTaskDispatcher with 12 workers.
[PhysX] Initialized MultithreadedTaskDispatcher with 12 workers.
 -> (artifact id: '423ff5fca490d3361211d0755e789996') in 0.048957 seconds
Number of updated asset objects reloaded before import = 0
Number of asset objects unloaded after import = 9
========================================================================
Received Import Request.
  Time since last request: 0.000048 seconds.
  path: Assets/ASSETS/Tiny_Treats_Baked_Goods_1.0_FREE/Assets/fbx(unity)/pie_apple_cut.fbx
  artifactKey: Guid(f0c05f968bff8ff4f98f480e99bda7f9) Importer(815301076,1909f56bfc062723c751e8b465ee728b)
Start importing Assets/ASSETS/Tiny_Treats_Baked_Goods_1.0_FREE/Assets/fbx(unity)/pie_apple_cut.fbx using Guid(f0c05f968bff8ff4f98f480e99bda7f9) Importer(815301076,1909f56bfc062723c751e8b465ee728b) [PhysX] Initialized MultithreadedTaskDispatcher with 12 workers.
[PhysX] Initialized MultithreadedTaskDispatcher with 12 workers.
[PhysX] Initialized MultithreadedTaskDispatcher with 12 workers.
[PhysX] Initialized MultithreadedTaskDispatcher with 12 workers.
 -> (artifact id: '9a49f30bd20302679b93a595889b4b98') in 0.047021 seconds
Number of updated asset objects reloaded before import = 0
Number of asset objects unloaded after import = 9
========================================================================
Received Import Request.
  Time since last request: 0.000030 seconds.
  path: Assets/ASSETS/Tiny_Treats_Baked_Goods_1.0_FREE/Assets/fbx(unity)/baguette_slice.fbx
  artifactKey: Guid(9cf0a3402e24c474393269634d7ea86d) Importer(815301076,1909f56bfc062723c751e8b465ee728b)
Start importing Assets/ASSETS/Tiny_Treats_Baked_Goods_1.0_FREE/Assets/fbx(unity)/baguette_slice.fbx using Guid(9cf0a3402e24c474393269634d7ea86d) Importer(815301076,1909f56bfc062723c751e8b465ee728b) [PhysX] Initialized MultithreadedTaskDispatcher with 12 workers.
[PhysX] Initialized MultithreadedTaskDispatcher with 12 workers.
[PhysX] Initialized MultithreadedTaskDispatcher with 12 workers.
[PhysX] Initialized MultithreadedTaskDispatcher with 12 workers.
 -> (artifact id: '91e875000e595ad14ddd2f34f12d3d92') in 0.046966 seconds
Number of updated asset objects reloaded before import = 0
Number of asset objects unloaded after import = 9
========================================================================
Received Import Request.
  Time since last request: 0.000068 seconds.
  path: Assets/ASSETS/Tiny_Treats_Baked_Goods_1.0_FREE/Assets/fbx(unity)/cake_strawberry_slice.fbx
  artifactKey: Guid(54bc2d5e68822b046aaabcc15e4d4aeb) Importer(815301076,1909f56bfc062723c751e8b465ee728b)
Start importing Assets/ASSETS/Tiny_Treats_Baked_Goods_1.0_FREE/Assets/fbx(unity)/cake_strawberry_slice.fbx using Guid(54bc2d5e68822b046aaabcc15e4d4aeb) Importer(815301076,1909f56bfc062723c751e8b465ee728b) [PhysX] Initialized MultithreadedTaskDispatcher with 12 workers.
[PhysX] Initialized MultithreadedTaskDispatcher with 12 workers.
[PhysX] Initialized MultithreadedTaskDispatcher with 12 workers.
[PhysX] Initialized MultithreadedTaskDispatcher with 12 workers.
 -> (artifact id: '42fbfb76820cfbd05f3d4619ca5fe770') in 0.046106 seconds
Number of updated asset objects reloaded before import = 0
Number of asset objects unloaded after import = 9
========================================================================
Received Import Request.
  Time since last request: 0.000026 seconds.
  path: Assets/ASSETS/Tiny_Treats_Baked_Goods_1.0_FREE/Assets/fbx(unity)/cake_chocolate_slice.fbx
  artifactKey: Guid(c15516934bde3554bac441f90588d5c4) Importer(815301076,1909f56bfc062723c751e8b465ee728b)
Start importing Assets/ASSETS/Tiny_Treats_Baked_Goods_1.0_FREE/Assets/fbx(unity)/cake_chocolate_slice.fbx using Guid(c15516934bde3554bac441f90588d5c4) Importer(815301076,1909f56bfc062723c751e8b465ee728b) [PhysX] Initialized MultithreadedTaskDispatcher with 12 workers.
[PhysX] Initialized MultithreadedTaskDispatcher with 12 workers.
[PhysX] Initialized MultithreadedTaskDispatcher with 12 workers.
[PhysX] Initialized MultithreadedTaskDispatcher with 12 workers.
 -> (artifact id: 'aafb6e5f0300117a5e96d69b568bdea1') in 0.044991 seconds
Number of updated asset objects reloaded before import = 0
Number of asset objects unloaded after import = 9
========================================================================
Received Import Request.
  Time since last request: 0.000029 seconds.
  path: Assets/ASSETS/Tiny_Treats_Baked_Goods_1.0_FREE/Assets/fbx(unity)/muffin.fbx
  artifactKey: Guid(404b95cda339f7d43bfd6ab947296076) Importer(815301076,1909f56bfc062723c751e8b465ee728b)
Start importing Assets/ASSETS/Tiny_Treats_Baked_Goods_1.0_FREE/Assets/fbx(unity)/muffin.fbx using Guid(404b95cda339f7d43bfd6ab947296076) Importer(815301076,1909f56bfc062723c751e8b465ee728b) [PhysX] Initialized MultithreadedTaskDispatcher with 12 workers.
[PhysX] Initialized MultithreadedTaskDispatcher with 12 workers.
[PhysX] Initialized MultithreadedTaskDispatcher with 12 workers.
[PhysX] Initialized MultithreadedTaskDispatcher with 12 workers.
 -> (artifact id: '11fa4ff89396dce8413be9159bcd1d04') in 0.050325 seconds
Number of updated asset objects reloaded before import = 0
Number of asset objects unloaded after import = 9
========================================================================
Received Import Request.
  Time since last request: 0.000034 seconds.
  path: Assets/ASSETS/Tiny_Treats_Baked_Goods_1.0_FREE/Assets/fbx(unity)/donut.fbx
  artifactKey: Guid(1554f4421e4652b4b94eb6ad798f4084) Importer(815301076,1909f56bfc062723c751e8b465ee728b)
Start importing Assets/ASSETS/Tiny_Treats_Baked_Goods_1.0_FREE/Assets/fbx(unity)/donut.fbx using Guid(1554f4421e4652b4b94eb6ad798f4084) Importer(815301076,1909f56bfc062723c751e8b465ee728b) [PhysX] Initialized MultithreadedTaskDispatcher with 12 workers.
[PhysX] Initialized MultithreadedTaskDispatcher with 12 workers.
[PhysX] Initialized MultithreadedTaskDispatcher with 12 workers.
[PhysX] Initialized MultithreadedTaskDispatcher with 12 workers.
 -> (artifact id: 'c1eee01fadc90ad76f776e4fcda61e06') in 0.083774 seconds
Number of updated asset objects reloaded before import = 0
Number of asset objects unloaded after import = 9
========================================================================
Received Import Request.
  Time since last request: 5.372854 seconds.
  path: Assets/ASSETS/Hud Icons/bathtub.png
  artifactKey: Guid(298f7868cfacd044a984bebe89fe1c99) Importer(815301076,1909f56bfc062723c751e8b465ee728b)
Start importing Assets/ASSETS/Hud Icons/bathtub.png using Guid(298f7868cfacd044a984bebe89fe1c99) Importer(815301076,1909f56bfc062723c751e8b465ee728b) [PhysX] Initialized MultithreadedTaskDispatcher with 12 workers.
[PhysX] Initialized MultithreadedTaskDispatcher with 12 workers.
 -> (artifact id: '9c411947f7df21873066bfca85e29a4a') in 0.048244 seconds
Number of updated asset objects reloaded before import = 0
Number of asset objects unloaded after import = 3
========================================================================
Received Import Request.
  Time since last request: 0.000042 seconds.
  path: Assets/ASSETS/Hud Icons/circle_filled.png
  artifactKey: Guid(7b31cc708f608414d8af2eff2481fc60) Importer(815301076,1909f56bfc062723c751e8b465ee728b)
Start importing Assets/ASSETS/Hud Icons/circle_filled.png using Guid(7b31cc708f608414d8af2eff2481fc60) Importer(815301076,1909f56bfc062723c751e8b465ee728b) [PhysX] Initialized MultithreadedTaskDispatcher with 12 workers.
[PhysX] Initialized MultithreadedTaskDispatcher with 12 workers.
 -> (artifact id: 'e61d315c0653ee6ca8462b07725d1e39') in 0.027715 seconds
Number of updated asset objects reloaded before import = 0
Number of asset objects unloaded after import = 3
========================================================================
Received Import Request.
  Time since last request: 0.000342 seconds.
  path: Assets/ASSETS/Hud Icons/square_filled.png
  artifactKey: Guid(a4ce9368ea271bb449ba52bb44261b55) Importer(815301076,1909f56bfc062723c751e8b465ee728b)
Start importing Assets/ASSETS/Hud Icons/square_filled.png using Guid(a4ce9368ea271bb449ba52bb44261b55) Importer(815301076,1909f56bfc062723c751e8b465ee728b) [PhysX] Initialized MultithreadedTaskDispatcher with 12 workers.
[PhysX] Initialized MultithreadedTaskDispatcher with 12 workers.
 -> (artifact id: 'dfec501ef11d2e6ac0f2039c6ca69017') in 0.060019 seconds
Number of updated asset objects reloaded before import = 0
Number of asset objects unloaded after import = 3
========================================================================
Received Import Request.
  Time since last request: 0.000176 seconds.
  path: Assets/ASSETS/Hud Icons/circle_frame.png
  artifactKey: Guid(3eda4859c09405a47ac2235c3cb92675) Importer(815301076,1909f56bfc062723c751e8b465ee728b)
Start importing Assets/ASSETS/Hud Icons/circle_frame.png using Guid(3eda4859c09405a47ac2235c3cb92675) Importer(815301076,1909f56bfc062723c751e8b465ee728b) [PhysX] Initialized MultithreadedTaskDispatcher with 12 workers.
[PhysX] Initialized MultithreadedTaskDispatcher with 12 workers.
 -> (artifact id: 'eb270e5f2c584bdcc9c3cb4f252bd33c') in 0.041883 seconds
Number of updated asset objects reloaded before import = 0
Number of asset objects unloaded after import = 3
========================================================================
Received Import Request.
  Time since last request: 0.000035 seconds.
  path: Assets/ASSETS/Hud Icons/lunch_black.png
  artifactKey: Guid(4752742da9260ac498aeba44cbb69163) Importer(815301076,1909f56bfc062723c751e8b465ee728b)
Start importing Assets/ASSETS/Hud Icons/lunch_black.png using Guid(4752742da9260ac498aeba44cbb69163) Importer(815301076,1909f56bfc062723c751e8b465ee728b) [PhysX] Initialized MultithreadedTaskDispatcher with 12 workers.
[PhysX] Initialized MultithreadedTaskDispatcher with 12 workers.
 -> (artifact id: '0824b69569eaab64070c10bcae326b68') in 0.038584 seconds
Number of updated asset objects reloaded before import = 0
Number of asset objects unloaded after import = 3
========================================================================
Received Import Request.
  Time since last request: 7.595912 seconds.
  path: Assets/ASSETS/Tiny_Treats_Pretty_Park_1.0_FREE/sample.png
  artifactKey: Guid(40a74c74396ba104989328706375ac57) Importer(815301076,1909f56bfc062723c751e8b465ee728b)
Start importing Assets/ASSETS/Tiny_Treats_Pretty_Park_1.0_FREE/sample.png using Guid(40a74c74396ba104989328706375ac57) Importer(815301076,1909f56bfc062723c751e8b465ee728b) [PhysX] Initialized MultithreadedTaskDispatcher with 12 workers.
[PhysX] Initialized MultithreadedTaskDispatcher with 12 workers.
 -> (artifact id: 'b726f7e4e5ea34d4ffccb065309c0206') in 0.036392 seconds
Number of updated asset objects reloaded before import = 0
Number of asset objects unloaded after import = 2
========================================================================
Received Import Request.
  Time since last request: 3.180212 seconds.
  path: Assets/ASSETS/Tiny_Treats_Pretty_Park_1.0_FREE/Assets/fbx(unity)/bird.fbx
  artifactKey: Guid(c414304dbc47ccc4682a55156a0cfa33) Importer(815301076,1909f56bfc062723c751e8b465ee728b)
Start importing Assets/ASSETS/Tiny_Treats_Pretty_Park_1.0_FREE/Assets/fbx(unity)/bird.fbx using Guid(c414304dbc47ccc4682a55156a0cfa33) Importer(815301076,1909f56bfc062723c751e8b465ee728b) [PhysX] Initialized MultithreadedTaskDispatcher with 12 workers.
[PhysX] Initialized MultithreadedTaskDispatcher with 12 workers.
[PhysX] Initialized MultithreadedTaskDispatcher with 12 workers.
[PhysX] Initialized MultithreadedTaskDispatcher with 12 workers.
 -> (artifact id: 'a9e136d4b2e9feb9b180f9915c018e4c') in 0.047143 seconds
Number of updated asset objects reloaded before import = 0
Number of asset objects unloaded after import = 9
========================================================================
Received Import Request.
  Time since last request: 0.000205 seconds.
  path: Assets/ASSETS/Tiny_Treats_Pretty_Park_1.0_FREE/Assets/fbx(unity)/flower_B.fbx
  artifactKey: Guid(d7b39cd38f61ae04e9a0a9f4e9e98047) Importer(815301076,1909f56bfc062723c751e8b465ee728b)
Start importing Assets/ASSETS/Tiny_Treats_Pretty_Park_1.0_FREE/Assets/fbx(unity)/flower_B.fbx using Guid(d7b39cd38f61ae04e9a0a9f4e9e98047) Importer(815301076,1909f56bfc062723c751e8b465ee728b) [PhysX] Initialized MultithreadedTaskDispatcher with 12 workers.
[PhysX] Initialized MultithreadedTaskDispatcher with 12 workers.
[PhysX] Initialized MultithreadedTaskDispatcher with 12 workers.
[PhysX] Initialized MultithreadedTaskDispatcher with 12 workers.
 -> (artifact id: 'fea84c7dc6eb55589c4fdecae0645151') in 0.120763 seconds
Number of updated asset objects reloaded before import = 0
Number of asset objects unloaded after import = 9
========================================================================
Received Import Request.
  Time since last request: 0.000133 seconds.
  path: Assets/ASSETS/Tiny_Treats_Pretty_Park_1.0_FREE/Assets/fbx(unity)/floor_grass_sliced_G.fbx
  artifactKey: Guid(3df6e8d01e9475549b8eba7c5d63b857) Importer(815301076,1909f56bfc062723c751e8b465ee728b)
Start importing Assets/ASSETS/Tiny_Treats_Pretty_Park_1.0_FREE/Assets/fbx(unity)/floor_grass_sliced_G.fbx using Guid(3df6e8d01e9475549b8eba7c5d63b857) Importer(815301076,1909f56bfc062723c751e8b465ee728b) [PhysX] Initialized MultithreadedTaskDispatcher with 12 workers.
[PhysX] Initialized MultithreadedTaskDispatcher with 12 workers.
[PhysX] Initialized MultithreadedTaskDispatcher with 12 workers.
[PhysX] Initialized MultithreadedTaskDispatcher with 12 workers.
 -> (artifact id: 'e57c7482621b46d422c6dc720df730ca') in 0.111088 seconds
Number of updated asset objects reloaded before import = 0
Number of asset objects unloaded after import = 9
========================================================================
Received Import Request.
  Time since last request: 0.000160 seconds.
  path: Assets/ASSETS/Tiny_Treats_Pretty_Park_1.0_FREE/Assets/fbx(unity)/fountain.fbx
  artifactKey: Guid(56c4140794528f5419479ba838301295) Importer(815301076,1909f56bfc062723c751e8b465ee728b)
Start importing Assets/ASSETS/Tiny_Treats_Pretty_Park_1.0_FREE/Assets/fbx(unity)/fountain.fbx using Guid(56c4140794528f5419479ba838301295) Importer(815301076,1909f56bfc062723c751e8b465ee728b) [PhysX] Initialized MultithreadedTaskDispatcher with 12 workers.
[PhysX] Initialized MultithreadedTaskDispatcher with 12 workers.
[PhysX] Initialized MultithreadedTaskDispatcher with 12 workers.
[PhysX] Initialized MultithreadedTaskDispatcher with 12 workers.
[PhysX] Initialized MultithreadedTaskDispatcher with 12 workers.
[PhysX] Initialized MultithreadedTaskDispatcher with 12 workers.
[PhysX] Initialized MultithreadedTaskDispatcher with 12 workers.
[PhysX] Initialized MultithreadedTaskDispatcher with 12 workers.
 -> (artifact id: 'c8afbff88049af763a244e2c524b3c88') in 0.131205 seconds
Number of updated asset objects reloaded before import = 0
Number of asset objects unloaded after import = 19
========================================================================
Received Import Request.
  Time since last request: 0.000055 seconds.
  path: Assets/ASSETS/Tiny_Treats_Pretty_Park_1.0_FREE/Assets/fbx(unity)/trashcan.fbx
  artifactKey: Guid(79954feea2de8854aa6db0714b0c8430) Importer(815301076,1909f56bfc062723c751e8b465ee728b)
Start importing Assets/ASSETS/Tiny_Treats_Pretty_Park_1.0_FREE/Assets/fbx(unity)/trashcan.fbx using Guid(79954feea2de8854aa6db0714b0c8430) Importer(815301076,1909f56bfc062723c751e8b465ee728b) [PhysX] Initialized MultithreadedTaskDispatcher with 12 workers.
[PhysX] Initialized MultithreadedTaskDispatcher with 12 workers.
[PhysX] Initialized MultithreadedTaskDispatcher with 12 workers.
[PhysX] Initialized MultithreadedTaskDispatcher with 12 workers.
 -> (artifact id: 'a10c6991fbeb36e8e3a136bd9efc0b56') in 0.053732 seconds
Number of updated asset objects reloaded before import = 0
Number of asset objects unloaded after import = 9
========================================================================
Received Import Request.
  Time since last request: 0.000393 seconds.
  path: Assets/ASSETS/Tiny_Treats_Pretty_Park_1.0_FREE/Assets/fbx(unity)/floor_grass_sliced_F.fbx
  artifactKey: Guid(e8df5f7e9db87074f960ba26c7eeec57) Importer(815301076,1909f56bfc062723c751e8b465ee728b)
Start importing Assets/ASSETS/Tiny_Treats_Pretty_Park_1.0_FREE/Assets/fbx(unity)/floor_grass_sliced_F.fbx using Guid(e8df5f7e9db87074f960ba26c7eeec57) Importer(815301076,1909f56bfc062723c751e8b465ee728b) [PhysX] Initialized MultithreadedTaskDispatcher with 12 workers.
[PhysX] Initialized MultithreadedTaskDispatcher with 12 workers.
[PhysX] Initialized MultithreadedTaskDispatcher with 12 workers.
[PhysX] Initialized MultithreadedTaskDispatcher with 12 workers.
 -> (artifact id: '635783ba436538006f055545b58371e0') in 0.055163 seconds
Number of updated asset objects reloaded before import = 0
Number of asset objects unloaded after import = 9
========================================================================
Received Import Request.
  Time since last request: 0.000037 seconds.
  path: Assets/ASSETS/Tiny_Treats_Pretty_Park_1.0_FREE/Assets/fbx(unity)/hedge_straight.fbx
  artifactKey: Guid(a83edb5d35188124eb3a53be9f956a55) Importer(815301076,1909f56bfc062723c751e8b465ee728b)
Start importing Assets/ASSETS/Tiny_Treats_Pretty_Park_1.0_FREE/Assets/fbx(unity)/hedge_straight.fbx using Guid(a83edb5d35188124eb3a53be9f956a55) Importer(815301076,1909f56bfc062723c751e8b465ee728b) [PhysX] Initialized MultithreadedTaskDispatcher with 12 workers.
[PhysX] Initialized MultithreadedTaskDispatcher with 12 workers.
[PhysX] Initialized MultithreadedTaskDispatcher with 12 workers.
[PhysX] Initialized MultithreadedTaskDispatcher with 12 workers.
 -> (artifact id: '483c82e715269f4e231ca31d1b3b37b3') in 0.073031 seconds
Number of updated asset objects reloaded before import = 0
Number of asset objects unloaded after import = 9
========================================================================
Received Import Request.
  Time since last request: 0.000037 seconds.
  path: Assets/ASSETS/Tiny_Treats_Pretty_Park_1.0_FREE/Assets/fbx(unity)/bush_large.fbx
  artifactKey: Guid(794f08edba44b184296d8e9452650ab7) Importer(815301076,1909f56bfc062723c751e8b465ee728b)
Start importing Assets/ASSETS/Tiny_Treats_Pretty_Park_1.0_FREE/Assets/fbx(unity)/bush_large.fbx using Guid(794f08edba44b184296d8e9452650ab7) Importer(815301076,1909f56bfc062723c751e8b465ee728b) [PhysX] Initialized MultithreadedTaskDispatcher with 12 workers.
[PhysX] Initialized MultithreadedTaskDispatcher with 12 workers.
[PhysX] Initialized MultithreadedTaskDispatcher with 12 workers.
[PhysX] Initialized MultithreadedTaskDispatcher with 12 workers.
 -> (artifact id: '3506de08867fe981a31ba84faf4d083e') in 0.057796 seconds
Number of updated asset objects reloaded before import = 0
Number of asset objects unloaded after import = 9
========================================================================
Received Import Request.
  Time since last request: 0.000030 seconds.
  path: Assets/ASSETS/Tiny_Treats_Pretty_Park_1.0_FREE/Assets/fbx(unity)/floor_grass_sliced_base.fbx
  artifactKey: Guid(ffa12ae10e47def46995970da5721cae) Importer(815301076,1909f56bfc062723c751e8b465ee728b)
Start importing Assets/ASSETS/Tiny_Treats_Pretty_Park_1.0_FREE/Assets/fbx(unity)/floor_grass_sliced_base.fbx using Guid(ffa12ae10e47def46995970da5721cae) Importer(815301076,1909f56bfc062723c751e8b465ee728b) [PhysX] Initialized MultithreadedTaskDispatcher with 12 workers.
[PhysX] Initialized MultithreadedTaskDispatcher with 12 workers.
[PhysX] Initialized MultithreadedTaskDispatcher with 12 workers.
[PhysX] Initialized MultithreadedTaskDispatcher with 12 workers.
 -> (artifact id: '48c5ec8d04135666b5232ead714d0ecb') in 0.075004 seconds
Number of updated asset objects reloaded before import = 0
Number of asset objects unloaded after import = 9
========================================================================
Received Import Request.
  Time since last request: 0.000085 seconds.
  path: Assets/ASSETS/Tiny_Treats_Pretty_Park_1.0_FREE/Assets/fbx(unity)/floor_grass_sliced_I.fbx
  artifactKey: Guid(6d1a73f595220c843b3d37fa074d3f67) Importer(815301076,1909f56bfc062723c751e8b465ee728b)
Start importing Assets/ASSETS/Tiny_Treats_Pretty_Park_1.0_FREE/Assets/fbx(unity)/floor_grass_sliced_I.fbx using Guid(6d1a73f595220c843b3d37fa074d3f67) Importer(815301076,1909f56bfc062723c751e8b465ee728b) [PhysX] Initialized MultithreadedTaskDispatcher with 12 workers.
[PhysX] Initialized MultithreadedTaskDispatcher with 12 workers.
[PhysX] Initialized MultithreadedTaskDispatcher with 12 workers.
[PhysX] Initialized MultithreadedTaskDispatcher with 12 workers.
 -> (artifact id: '4045a4e9c3720dd81fa810d88eac0724') in 0.049453 seconds
Number of updated asset objects reloaded before import = 0
Number of asset objects unloaded after import = 9
